15.03.2021 15:06:28<br>
POST
92.53.96.203<br>
array (
  '1e84eec9-4e50-47c2-9830-4fa01092fc87' => '',
  'form_id' => 'feedback',
  'phone' => '+9 (251) 166-09-11',
  'name' => 'edd',
  'email' => 'cybercroc@gmail.com',
)<br>
GET
92.53.96.203<br>
array (
)<br>
<br>
----------------<br>
15.03.2021 15:07:54<br>
POST
92.53.96.203<br>
array (
  '1e84eec9-4e50-47c2-9830-4fa01092fc87' => '',
  'form_id' => 'feedback',
  'phone' => '+7 (925) 116-60-91',
  'name' => 'STARODUBOV',
  'email' => 'mnn@mm.ff',
)<br>
GET
92.53.96.203<br>
array (
)<br>
<br>
----------------<br>
15.03.2021 15:08:27<br>
POST
92.53.96.203<br>
array (
  '1e84eec9-4e50-47c2-9830-4fa01092fc87' => '',
  'form_id' => 'feedback',
  'phone' => '+9 (251) 166-09-11',
  'name' => 'VICTOR STARODUBOV',
  'email' => 'cybercroc@gmail.com',
  'product' => 'Привлечение клиентов',
)<br>
GET
92.53.96.203<br>
array (
)<br>
<br>
----------------<br>
15.03.2021 15:15:01<br>
POST
92.53.96.203<br>
array (
  '1e84eec9-4e50-47c2-9830-4fa01092fc87' => '',
  'form_id' => 'feedback',
  'phone' => '+7 (925) 116-60-91',
  'name' => 'VICTOR STARODUBOV',
  'email' => 'cybercroc@gmail.com',
  'product' => 'Виртуальный офис',
)<br>
GET
92.53.96.203<br>
array (
)<br>
<br>
----------------<br>
15.03.2021 15:28:31<br>
POST
92.53.96.203<br>
array (
  '1e84eec9-4e50-47c2-9830-4fa01092fc87' => '',
  'form_id' => 'feedback',
  'phone' => '+7 (777) 777-77-77',
  'name' => 'Игорь (тест)',
  'email' => '777@mail.ru',
)<br>
GET
92.53.96.203<br>
array (
)<br>
<br>
----------------<br>
16.03.2021 14:52:02<br>
POST
92.53.96.203<br>
array (
  '1e84eec9-4e50-47c2-9830-4fa01092fc87' => '',
  'form_id' => 'feedback',
  'phone' => '+7 (964) 775-98-96',
  'name' => 'dfyz',
  'email' => 'alesekerina@sberbank.ru',
)<br>
GET
92.53.96.203<br>
array (
)<br>
<br>
----------------<br>
31.03.2021 17:14:47<br>
POST
92.53.96.203<br>
array (
  '1e84eec9-4e50-47c2-9830-4fa01092fc87' => '',
  'form_id' => 'feedback',
  'phone' => '+7 (925) 507-08-10',
  'name' => 'Владимир Лаврентьевич',
  'email' => 'info@rus-derevo.com',
  'product' => 'Привлечение клиентов',
)<br>
GET
92.53.96.203<br>
array (
)<br>
<br>
----------------<br>
05.04.2021 12:37:33<br>
POST
92.53.96.203<br>
array (
  '1e84eec9-4e50-47c2-9830-4fa01092fc87' => '',
  'form_id' => 'feedback',
  'phone' => '+7 (926) 408-29-70',
  'name' => 'Гудзюк Юрий Степанович',
  'email' => 'gudzyuk@auditsod.ru',
)<br>
GET
92.53.96.203<br>
array (
)<br>
<br>
----------------<br>
05.04.2021 13:12:12<br>
POST
92.53.96.203<br>
array (
  '1e84eec9-4e50-47c2-9830-4fa01092fc87' => '',
  'form_id' => 'feedback',
  'phone' => '+7 (985) 211-22-56',
  'name' => 'Андрей Юрьевич',
  'email' => 'andwa76@gmail.com',
  'product' => 'Привлечение клиентов',
)<br>
GET
92.53.96.203<br>
array (
)<br>
<br>
----------------<br>
07.04.2021 17:12:16<br>
POST
92.53.96.203<br>
array (
  '1e84eec9-4e50-47c2-9830-4fa01092fc87' => '',
  'form_id' => 'feedback',
  'phone' => '+7 (985) 570-01-48',
  'name' => 'Ирина',
  'email' => 'kobzar@galionos.ru',
  'product' => 'Привлечение клиентов',
)<br>
GET
92.53.96.203<br>
array (
)<br>
<br>
----------------<br>
08.04.2021 17:07:08<br>
POST
92.53.96.203<br>
array (
  '1e84eec9-4e50-47c2-9830-4fa01092fc87' => '',
  'form_id' => 'feedback',
  'phone' => '+7 (905) 777-53-65',
  'name' => 'Айк',
  'email' => 'haykantes@yandex.ru',
  'product' => 'Поддержка интернет-магазина',
)<br>
GET
92.53.96.203<br>
array (
)<br>
<br>
----------------<br>
09.04.2021 11:25:12<br>
POST
92.53.96.203<br>
array (
  '1e84eec9-4e50-47c2-9830-4fa01092fc87' => '',
  'form_id' => 'feedback',
  'phone' => '+7 (925) 516-27-67',
  'name' => 'Роман',
  'email' => 'r.barbash@scanndi.com',
  'product' => 'Привлечение клиентов',
)<br>
GET
92.53.96.203<br>
array (
)<br>
<br>
----------------<br>
14.04.2021 17:28:55<br>
POST
92.53.96.203<br>
array (
  '1e84eec9-4e50-47c2-9830-4fa01092fc87' => '',
  'form_id' => 'feedback',
  'phone' => '+7 (926) 571-87-90',
  'name' => 'Александр Александрович Пушков',
  'email' => 'pushkov@dalkos.ru',
  'product' => 'Привлечение клиентов',
)<br>
GET
92.53.96.203<br>
array (
)<br>
<br>
----------------<br>
15.04.2021 13:46:17<br>
POST
92.53.96.203<br>
array (
  '1e84eec9-4e50-47c2-9830-4fa01092fc87' => '',
  'form_id' => 'feedback',
  'phone' => '+7 (903) 960-90-67',
  'name' => 'Марина',
  'email' => 'marina1375@gmail.com',
  'product' => 'Привлечение клиентов',
)<br>
GET
92.53.96.203<br>
array (
)<br>
<br>
----------------<br>
15.04.2021 13:57:47<br>
POST
92.53.96.203<br>
array (
  '1e84eec9-4e50-47c2-9830-4fa01092fc87' => '',
  'form_id' => 'feedback',
  'phone' => '+7 (926) 253-18-78',
  'name' => 'Левченко Екатерина',
  'email' => 'vasina.ekaterina@gmail.com',
  'product' => 'Привлечение клиентов',
)<br>
GET
92.53.96.203<br>
array (
)<br>
<br>
----------------<br>
16.04.2021 09:58:33<br>
POST
92.53.96.203<br>
array (
  '1e84eec9-4e50-47c2-9830-4fa01092fc87' => '',
  'form_id' => 'feedback',
  'phone' => '+7 (916) 971-76-94',
  'name' => 'ТЕСТОВАЯ РЕГИСТРАЦИЯ',
  'email' => 'hermann-p@yandex.ru',
  'product' => 'Виртуальный офис',
)<br>
GET
92.53.96.203<br>
array (
)<br>
<br>
----------------<br>
19.04.2021 14:15:43<br>
POST
92.53.96.203<br>
array (
  '1e84eec9-4e50-47c2-9830-4fa01092fc87' => '',
  'form_id' => 'feedback',
  'phone' => '+7 (903) 961-68-86',
  'name' => 'Евгений',
  'email' => 'berkut20072007@yandex.ru',
  'product' => 'Привлечение клиентов',
)<br>
GET
92.53.96.203<br>
array (
)<br>
<br>
----------------<br>
20.05.2021 15:47:22<br>
POST
92.53.96.203<br>
array (
  '1e84eec9-4e50-47c2-9830-4fa01092fc87' => '',
  'form_id' => 'feedback',
  'phone' => '+8 (929) 503-73-30',
  'name' => 'Николай ',
  'email' => 'tsebekov@yandex.ru',
  'product' => 'Привлечение клиентов',
)<br>
GET
92.53.96.203<br>
array (
)<br>
<br>
----------------<br>
21.05.2021 11:34:50<br>
POST
92.53.96.203<br>
array (
  '1e84eec9-4e50-47c2-9830-4fa01092fc87' => '',
  'form_id' => 'feedback',
  'phone' => '+7 (985) 773-58-20',
  'name' => 'Оксана Николаевна',
  'email' => 'bank-centre@mail.ru',
  'product' => 'Привлечение клиентов',
)<br>
GET
92.53.96.203<br>
array (
)<br>
<br>
----------------<br>
21.05.2021 14:26:59<br>
POST
92.53.96.203<br>
array (
  '1e84eec9-4e50-47c2-9830-4fa01092fc87' => '',
  'form_id' => 'feedback',
  'phone' => '+8 (916) 540-01-74',
  'name' => 'Елена',
  'email' => 'lk-company@yandex.ru',
)<br>
GET
92.53.96.203<br>
array (
)<br>
<br>
----------------<br>
21.05.2021 15:05:25<br>
POST
92.53.96.203<br>
array (
  '1e84eec9-4e50-47c2-9830-4fa01092fc87' => '',
  'form_id' => 'feedback',
  'phone' => '+7 (913) 365-13-13',
  'name' => 'Эдуард',
  'email' => 'eduard_sharkan13@mail.ru',
  'product' => 'Привлечение клиентов',
)<br>
GET
92.53.96.203<br>
array (
)<br>
<br>
----------------<br>
03.06.2021 11:14:18<br>
POST
92.53.96.203<br>
array (
  '1e84eec9-4e50-47c2-9830-4fa01092fc87' => '',
  'form_id' => 'feedback',
  'phone' => '+7 (926) 757-21-07',
  'name' => 'Арчегов Андрей Борисович ',
  'email' => 'info@adeptlogistic.ru',
  'product' => 'Привлечение клиентов',
)<br>
GET
92.53.96.203<br>
array (
)<br>
<br>
----------------<br>
03.06.2021 16:08:50<br>
POST
92.53.96.203<br>
array (
  '1e84eec9-4e50-47c2-9830-4fa01092fc87' => '',
  'form_id' => 'feedback',
  'phone' => '+7 (929) 989-41-45',
  'name' => 'Юлия Сергеевна',
  'email' => 'sovbuh102016@gmail.com',
  'product' => 'Привлечение клиентов',
)<br>
GET
92.53.96.203<br>
array (
)<br>
<br>
----------------<br>
16.06.2021 15:30:47<br>
POST
92.53.96.203<br>
array (
  '1e84eec9-4e50-47c2-9830-4fa01092fc87' => '',
  'form_id' => 'feedback',
  'phone' => '+8 (926) 571-87-90',
  'name' => 'Александр',
  'email' => 'gavrilova@dalkos.ru',
  'product' => 'Привлечение клиентов',
)<br>
GET
92.53.96.203<br>
array (
)<br>
<br>
----------------<br>
21.06.2021 11:03:46<br>
POST
92.53.96.203<br>
array (
  '1e84eec9-4e50-47c2-9830-4fa01092fc87' => '',
  'form_id' => 'feedback',
  'phone' => '+7 (916) 214-54-83',
  'name' => 'Эльмира',
  'email' => 'telesale@belfan.ru',
  'product' => 'Привлечение клиентов',
)<br>
GET
92.53.96.203<br>
array (
)<br>
<br>
----------------<br>
02.07.2021 13:44:43<br>
POST
92.53.96.203<br>
array (
  '1e84eec9-4e50-47c2-9830-4fa01092fc87' => '',
  'form_id' => 'feedback',
  'phone' => '+7 (931) 312-55-89',
  'name' => 'Алия',
  'email' => 'aliya080109@mail.ru',
  'product' => 'Привлечение клиентов',
)<br>
GET
92.53.96.203<br>
array (
)<br>
<br>
----------------<br>
02.07.2021 14:49:33<br>
POST
92.53.96.203<br>
array (
  '1e84eec9-4e50-47c2-9830-4fa01092fc87' => '',
  'form_id' => 'feedback',
  'phone' => '+7 (931) 312-55-89',
  'name' => 'Алия',
  'email' => 'aliya080109@mail.ru',
  'product' => 'Привлечение клиентов',
)<br>
GET
92.53.96.203<br>
array (
)<br>
<br>
----------------<br>
06.07.2021 16:35:09<br>
POST
92.53.96.203<br>
array (
  '1e84eec9-4e50-47c2-9830-4fa01092fc87' => '',
  'form_id' => 'feedback',
  'phone' => '+7 (921) 104-55-55',
  'name' => 'Егор Вячеславович (ооо спецодежда 3906256783)',
  'email' => 'evrazinkov@gmail.com',
  'product' => 'Поддержка интернет-магазина',
)<br>
GET
92.53.96.203<br>
array (
)<br>
<br>
----------------<br>
08.07.2021 14:49:52<br>
POST
92.53.96.203<br>
array (
  '1e84eec9-4e50-47c2-9830-4fa01092fc87' => '',
  'form_id' => 'feedback',
  'phone' => '+8 (921) 746-78-34',
  'name' => 'Дмитрий Юрьевич',
  'email' => 'dm@teleincom-net.ru',
  'product' => 'Привлечение клиентов',
)<br>
GET
92.53.96.203<br>
array (
)<br>
<br>
----------------<br>
09.07.2021 13:07:40<br>
POST
92.53.96.203<br>
array (
  '1e84eec9-4e50-47c2-9830-4fa01092fc87' => '',
  'form_id' => 'feedback',
  'phone' => '+7 (911) 452-44-71',
  'name' => 'Наталья Владимировна',
  'email' => 'bestsport.buch@mail.ru',
  'product' => 'Привлечение клиентов',
)<br>
GET
92.53.96.203<br>
array (
)<br>
<br>
----------------<br>
09.07.2021 13:22:36<br>
POST
92.53.96.203<br>
array (
  '1e84eec9-4e50-47c2-9830-4fa01092fc87' => '',
  'form_id' => 'feedback',
  'phone' => '+7 (906) 238-02-26',
  'name' => 'Журавлева Татьяна Олеговна',
  'email' => 'kld-apteki@yandex.ru',
  'product' => 'Привлечение клиентов',
)<br>
GET
92.53.96.203<br>
array (
)<br>
<br>
----------------<br>
14.07.2021 14:00:29<br>
POST
92.53.96.203<br>
array (
  '1e84eec9-4e50-47c2-9830-4fa01092fc87' => '',
  'form_id' => 'feedback',
  'phone' => '+7 (906) 239-08-75',
  'name' => 'Житомирская Мария Станиславовна 3912008789 ',
  'email' => 'marista@inbox.ru',
  'product' => 'Поддержка интернет-магазина',
)<br>
GET
92.53.96.203<br>
array (
)<br>
<br>
----------------<br>
16.07.2021 15:28:27<br>
POST
92.53.96.203<br>
array (
  '1e84eec9-4e50-47c2-9830-4fa01092fc87' => '',
  'form_id' => 'feedback',
  'phone' => '+7 (985) 750-09-69',
  'name' => 'Минкович Илья Ильич',
  'email' => 'x516@yandex.ru',
  'product' => 'Привлечение клиентов',
)<br>
GET
92.53.96.203<br>
array (
)<br>
<br>
----------------<br>
16.07.2021 16:39:08<br>
POST
92.53.96.203<br>
array (
  '1e84eec9-4e50-47c2-9830-4fa01092fc87' => '',
  'form_id' => 'feedback',
  'phone' => '+7 (911) 924-50-69',
  'name' => 'Александр Владимирович ',
  'email' => 'al.rybakov@2a-russia.com',
  'product' => 'Привлечение клиентов',
)<br>
GET
92.53.96.203<br>
array (
)<br>
<br>
----------------<br>
19.07.2021 12:49:44<br>
POST
92.53.96.203<br>
array (
  '1e84eec9-4e50-47c2-9830-4fa01092fc87' => '',
  'form_id' => 'feedback',
  'phone' => '+8 (961) 608-81-86',
  'name' => 'Дмитрий',
  'email' => 'dmitii.derzhimanov@yahoo.com',
  'product' => 'Привлечение клиентов',
)<br>
GET
92.53.96.203<br>
array (
)<br>
<br>
----------------<br>
19.07.2021 14:47:56<br>
POST
92.53.96.203<br>
array (
  '1e84eec9-4e50-47c2-9830-4fa01092fc87' => '',
  'form_id' => 'feedback',
  'phone' => '+7 (913) 180-89-28',
  'name' => 'Кристина',
  'email' => 'kris-pludh@mail.ru',
  'product' => 'Привлечение клиентов',
)<br>
GET
92.53.96.203<br>
array (
)<br>
<br>
----------------<br>
19.07.2021 15:12:20<br>
POST
92.53.96.203<br>
array (
  '1e84eec9-4e50-47c2-9830-4fa01092fc87' => '',
  'form_id' => 'feedback',
  'phone' => '+7 (931) 281-71-64',
  'name' => 'дмитрий',
  'email' => '89312817164@mail.ru',
  'product' => 'Привлечение клиентов',
)<br>
GET
92.53.96.203<br>
array (
)<br>
<br>
----------------<br>
19.07.2021 16:33:00<br>
POST
92.53.96.203<br>
array (
  '1e84eec9-4e50-47c2-9830-4fa01092fc87' => '',
  'form_id' => 'feedback',
  'phone' => '+7 (929) 112-09-67',
  'name' => 'Сергей',
  'email' => 'forman.buh@mail.ru',
  'product' => 'Виртуальный офис',
)<br>
GET
92.53.96.203<br>
array (
)<br>
<br>
----------------<br>
20.07.2021 12:18:04<br>
POST
92.53.96.203<br>
array (
  '1e84eec9-4e50-47c2-9830-4fa01092fc87' => '',
  'form_id' => 'feedback',
  'phone' => '+7 (921) 947-65-21',
  'name' => 'Дмитрий Васильевич',
  'email' => 'zakup900@yandex.ru',
  'product' => 'Привлечение клиентов',
)<br>
GET
92.53.96.203<br>
array (
)<br>
<br>
----------------<br>
20.07.2021 16:01:04<br>
POST
92.53.96.203<br>
array (
  '1e84eec9-4e50-47c2-9830-4fa01092fc87' => '',
  'form_id' => 'feedback',
  'phone' => '+7 (911) 481-16-61',
  'name' => 'Буланова Екатерина  ооо Кембриджский ресурсный цен',
  'email' => 'bulatova39@gmail.com',
  'product' => 'Привлечение клиентов',
)<br>
GET
92.53.96.203<br>
array (
)<br>
<br>
----------------<br>
20.07.2021 21:10:44<br>
POST
92.53.96.203<br>
array (
  '1e84eec9-4e50-47c2-9830-4fa01092fc87' => '',
  'form_id' => 'feedback',
  'phone' => '+7 (967) 019-10-92',
  'name' => 'Александр',
  'email' => '339393@_._',
)<br>
GET
92.53.96.203<br>
array (
)<br>
<br>
----------------<br>
23.07.2021 14:45:42<br>
POST
92.53.96.203<br>
array (
  '1e84eec9-4e50-47c2-9830-4fa01092fc87' => '',
  'form_id' => 'feedback',
  'phone' => '+8 (921) 309-29-59',
  'name' => 'Яна',
  'email' => 'yana@lans.spb.ru',
  'product' => 'Привлечение клиентов',
)<br>
GET
92.53.96.203<br>
array (
)<br>
<br>
----------------<br>
27.07.2021 16:14:15<br>
POST
92.53.96.203<br>
array (
  '1e84eec9-4e50-47c2-9830-4fa01092fc87' => '',
  'form_id' => 'feedback',
  'phone' => '+7 (906) 238-88-71',
  'name' => 'Сергей Анатольевич',
  'email' => 'zapad@zao-z.ru',
  'product' => 'Привлечение клиентов',
)<br>
GET
92.53.96.203<br>
array (
)<br>
<br>
----------------<br>
27.07.2021 17:26:37<br>
POST
92.53.96.203<br>
array (
  '1e84eec9-4e50-47c2-9830-4fa01092fc87' => '',
  'form_id' => 'feedback',
  'phone' => '+8 (909) 794-79-43',
  'name' => 'Ип джабиев арсен контактное лицо Анна 390507626418',
  'email' => 'azerok09@mail.ru',
  'product' => 'Привлечение клиентов',
)<br>
GET
92.53.96.203<br>
array (
)<br>
<br>
----------------<br>
28.07.2021 14:43:15<br>
POST
92.53.96.203<br>
array (
  '1e84eec9-4e50-47c2-9830-4fa01092fc87' => '',
  'form_id' => 'feedback',
  'phone' => '+7 (910) 464-47-37',
  'name' => 'Лариса',
  'email' => 'l.menshikova@noryalli.com',
  'product' => 'Привлечение клиентов',
)<br>
GET
92.53.96.203<br>
array (
)<br>
<br>
----------------<br>
29.07.2021 11:41:12<br>
POST
92.53.96.203<br>
array (
  '1e84eec9-4e50-47c2-9830-4fa01092fc87' => '',
  'form_id' => 'feedback',
  'phone' => '+7 (909) 786-65-55',
  'name' => 'Руслан Иванович',
  'email' => 'alvatechnika@mail.ru',
  'product' => 'Поддержка интернет-магазина',
)<br>
GET
92.53.96.203<br>
array (
)<br>
<br>
----------------<br>
29.07.2021 11:51:59<br>
POST
92.53.96.203<br>
array (
  '1e84eec9-4e50-47c2-9830-4fa01092fc87' => '',
  'form_id' => 'feedback',
  'phone' => '+7 (921) 608-73-58',
  'name' => 'Дмитрий ',
  'email' => 'pmo85@mail.ru',
  'product' => 'Привлечение клиентов',
)<br>
GET
92.53.96.203<br>
array (
)<br>
<br>
----------------<br>
29.07.2021 13:16:53<br>
POST
92.53.96.203<br>
array (
  '1e84eec9-4e50-47c2-9830-4fa01092fc87' => '',
  'form_id' => 'feedback',
  'phone' => '+7 (911) 460-40-52',
  'name' => 'Милена',
  'email' => 'baltambertorg@mail.ru',
  'product' => 'Привлечение клиентов',
)<br>
GET
92.53.96.203<br>
array (
)<br>
<br>
----------------<br>
03.08.2021 11:35:42<br>
POST
92.53.96.203<br>
array (
  '1e84eec9-4e50-47c2-9830-4fa01092fc87' => '',
  'form_id' => 'feedback',
  'phone' => '+7 (985) 183-23-27',
  'name' => 'Виктория',
  'email' => 'steklovit2006@yandex.ru',
  'product' => 'Привлечение клиентов',
)<br>
GET
92.53.96.203<br>
array (
)<br>
<br>
----------------<br>
