89.208.230.2
POST:
Array
(
    [event] => ONCRMLEADUPDATE
    [data] => Array
        (
            [FIELDS] => Array
                (
                    [ID] => 30517
                )

        )

    [ts] => 1627404620
    [auth] => Array
        (
            [domain] => wilstream.bitrix24.ru
            [client_endpoint] => https://wilstream.bitrix24.ru/rest/
            [server_endpoint] => https://oauth.bitrix.info/rest/
            [member_id] => cc7c44159e4fc354b6551fa5604aecb0
            [application_token] => sncnba2n0hnw9q9tmrkrbcxfrh6b26fg
        )

)

GET:
Array
(
)

LEAD INFO:
Array
(
    [source_id] => 4
    [status_id] => 2
    [status_dop] => F
    [other_city] => 0
    [cennost] => 0
    [type] => обычное
    [status_commited] => 0
    [prichina_otkaza] => обзвон физ лиц
    [record] => 
    [name] => NRG GROUP MOSCOW
    [phone] => 79637676264
    [phone_norm] => +79637676264
    [comments] => <br>Комментарий: из&nbsp;кампании в&nbsp;Facebook Поиск клиентов<br><br> Время и дата: 09:28, 2021-07-25<br> Группа объявлений: B2b<br> Объявление: - Генерация лидов<br> Форма: Свяжитесь с нами 2<br> company_name: NRG GROUP MOSCOW<br>номер_телефона: +79637676264<br>     <br>URL: вилстрим.ру.фб
    [stats_id] => wcc1461248
    [stats_descruptor] => 
    [status_name] => отклонено
    [status_otkaza] => Нет таких услуг
)
