195.208.184.200
POST:
Array
(
    [event] => ONCRMLEADUPDATE
    [data] => Array
        (
            [FIELDS] => Array
                (
                    [ID] => 30403
                )

        )

    [ts] => 1626790613
    [auth] => Array
        (
            [domain] => wilstream.bitrix24.ru
            [client_endpoint] => https://wilstream.bitrix24.ru/rest/
            [server_endpoint] => https://oauth.bitrix.info/rest/
            [member_id] => cc7c44159e4fc354b6551fa5604aecb0
            [application_token] => sncnba2n0hnw9q9tmrkrbcxfrh6b26fg
        )

)

GET:
Array
(
)

LEAD INFO:
Array
(
    [source_id] => 4
    [status_id] => CONVERTED
    [status_dop] => S
    [other_city] => 0
    [cennost] => 0
    [type] => обычное
    [status_commited] => 1
    [prichina_otkaza] => 
    [record] => http://sc.wilstream.ru/sc/get_okt_record.php?idconnection=D9A9F1BC-2421-45D6-A13C-4B3B7D67EE8E&datecall=20210719-183955-693&partnum=2
    [name] => Катерина
    [phone] => 79777663699
    [phone_norm] => +79777663699
    [comments] => <br>Комментарий: Какой вид услуг вам понадобится? ПРИЕМ И ОБРАБОТКА ВХОДЯЩИХ ЗВОНКОВКак срочно нужно запустить проект?: ЭТО НЕ ТАК ВАЖНО, ГЛАВНОЕ – КАЧЕСТВОКуда или откуда будут звонки? МОСКВА И ОБЛАСТЬ<br>URL: http://wilstream.ru/
    [stats_id] => wcc1455801
    [stats_descruptor] => 
    [status_name] => подтверждено
    [status_otkaza] => 
)

SEND RESULT:
OK 221 2.0.0 Service closing transmission channel