89.208.230.2
POST:
Array
(
    [event] => ONCRMLEADUPDATE
    [data] => Array
        (
            [FIELDS] => Array
                (
                    [ID] => 30475
                )

        )

    [ts] => 1627029181
    [auth] => Array
        (
            [domain] => wilstream.bitrix24.ru
            [client_endpoint] => https://wilstream.bitrix24.ru/rest/
            [server_endpoint] => https://oauth.bitrix.info/rest/
            [member_id] => cc7c44159e4fc354b6551fa5604aecb0
            [application_token] => sncnba2n0hnw9q9tmrkrbcxfrh6b26fg
        )

)

GET:
Array
(
)

LEAD INFO:
Array
(
    [source_id] => 4
    [status_id] => 4
    [status_dop] => F
    [other_city] => 0
    [cennost] => 0
    [type] => обычное
    [status_commited] => 1
    [prichina_otkaza] => межгород (Екатеринбург)
    [record] => http://sc-vg.wilstream.ru/sc/get_okt_record.php?idconnection=1BA79B09-BFE6-4832-85B8-4370D205B0F4&datecall=20210722-135957-133&partnum=1
    [name] => Елена Потапова
    [phone] => 79634421020
    [phone_norm] => +79634421020
    [comments] => <br>Комментарий: Чем занимается Ваша компания?: СЛУЖБА ДОСТАВКИКакой вид услуг вам понадобится?: ПРИЁМ ВХОДЯЩИХ ЗВОНКОВ,ОБЗВОН ДЕЙСТВУЮЩИХ КЛИЕНТОВКуда или откуда будут звонки?: ВСЯ РОССИЯКакими акциями воспользуетесь?: СКИДКА 30% НА ГОРЯЧУЮ ЛИНИЮ<br>URL: http://wilstream.ru/
    [stats_id] => wcc1458657
    [stats_descruptor] => 
    [status_name] => отклонено
    [status_otkaza] => Иное
)

SEND RESULT:
OK 221 2.0.0 Service closing transmission channel