195.208.184.200
POST:
Array
(
    [event] => ONCRMLEADUPDATE
    [data] => Array
        (
            [FIELDS] => Array
                (
                    [ID] => 30407
                )

        )

    [ts] => 1626791144
    [auth] => Array
        (
            [domain] => wilstream.bitrix24.ru
            [client_endpoint] => https://wilstream.bitrix24.ru/rest/
            [server_endpoint] => https://oauth.bitrix.info/rest/
            [member_id] => cc7c44159e4fc354b6551fa5604aecb0
            [application_token] => sncnba2n0hnw9q9tmrkrbcxfrh6b26fg
        )

)

GET:
Array
(
)

LEAD INFO:
Array
(
    [source_id] => 5
    [status_id] => 4
    [status_dop] => F
    [other_city] => 0
    [cennost] => 0
    [type] => обычное
    [status_commited] => 1
    [prichina_otkaza] => нет юр.лица 
    [record] => http://sc-vg.wilstream.ru/sc/get_okt_record.php?idconnection=EB972CF0-5126-4B2A-834E-304EF4450284&datecall=20210720-111740-697&partnum=1
    [name] => Евгений
    [phone] => 89636204608
    [phone_norm] => +79636204608
    [comments] => 
Форма отправлена оператором<br>
Комментарий: название компании не ответил,   клиента интересует привлечение клиентов 

    [stats_id] => 
    [stats_descruptor] => 
    [status_name] => отклонено
    [status_otkaza] => Иное
)

SEND RESULT:
OK 221 2.0.0 Service closing transmission channel