89.208.230.2
POST:
Array
(
    [event] => ONCRMLEADUPDATE
    [data] => Array
        (
            [FIELDS] => Array
                (
                    [ID] => 30371
                )

        )

    [ts] => 1626700964
    [auth] => Array
        (
            [domain] => wilstream.bitrix24.ru
            [client_endpoint] => https://wilstream.bitrix24.ru/rest/
            [server_endpoint] => https://oauth.bitrix.info/rest/
            [member_id] => cc7c44159e4fc354b6551fa5604aecb0
            [application_token] => sncnba2n0hnw9q9tmrkrbcxfrh6b26fg
        )

)

GET:
Array
(
)

LEAD INFO:
Array
(
    [source_id] => 4
    [status_id] => CONVERTED
    [status_dop] => S
    [other_city] => 1
    [cennost] => 0
    [type] => обычное
    [status_commited] => 1
    [prichina_otkaza] => другой город
    [record] => http://sc.wilstream.ru/sc/get_okt_record.php?idconnection=CCB15C43-86BD-41BC-A16F-C1B7BC156523&datecall=20210716-111834-293&partnum=2
    [name] => Левон
    [phone] => 79890800006
    [phone_norm] => +79890800006
    [comments] => <br>Комментарий: Чем занимается Ваша компания?: БУХГАЛТЕРСКИЕ УСЛУГИКакой вид услуг вам понадобится?: ПОИСК КЛИЕНТОВ-ЮРЛИЦКуда или откуда будут звонки?: ДРУГОЙ РЕГИОНКакими акциями воспользуетесь?: <br>URL: http://wilstream.ru/
    [stats_id] => 
    [stats_descruptor] => 
    [status_name] => отклонено
    [status_otkaza] => другой город
)

SEND RESULT:
OK 221 2.0.0 Service closing transmission channel