89.208.230.2
POST:
Array
(
    [event] => ONCRMLEADUPDATE
    [data] => Array
        (
            [FIELDS] => Array
                (
                    [ID] => 30325
                )

        )

    [ts] => 1626361195
    [auth] => Array
        (
            [domain] => wilstream.bitrix24.ru
            [client_endpoint] => https://wilstream.bitrix24.ru/rest/
            [server_endpoint] => https://oauth.bitrix.info/rest/
            [member_id] => cc7c44159e4fc354b6551fa5604aecb0
            [application_token] => sncnba2n0hnw9q9tmrkrbcxfrh6b26fg
        )

)

GET:
Array
(
)

LEAD INFO:
Array
(
    [source_id] => 5
    [status_id] => CONVERTED
    [status_dop] => S
    [other_city] => 0
    [cennost] => 0
    [type] => обычное
    [status_commited] => 1
    [prichina_otkaza] => 
    [record] => http://sc.wilstream.ru/sc/get_okt_record.php?idconnection=416E7E14-6F68-4AB9-B8BB-08BCA2C6EC99&datecall=20210714-123656-120&partnum=15
    [name] => Зоя
    [phone] => 89167034275
    [phone_norm] => +79167034275
    [comments] => 
Форма отправлена оператором<br>
Комментарий: компания ООО Алатырь. входящие и исходящие звонки. мессенджеры. рассылки и обзвон. 

    [stats_id] => 
    [stats_descruptor] => 
    [status_name] => подтверждено
    [status_otkaza] => 
)

SEND RESULT:
OK 221 2.0.0 Service closing transmission channel