195.208.184.200
POST:
Array
(
    [event] => ONCRMLEADUPDATE
    [data] => Array
        (
            [FIELDS] => Array
                (
                    [ID] => 30547
                )

        )

    [ts] => 1627401359
    [auth] => Array
        (
            [domain] => wilstream.bitrix24.ru
            [client_endpoint] => https://wilstream.bitrix24.ru/rest/
            [server_endpoint] => https://oauth.bitrix.info/rest/
            [member_id] => cc7c44159e4fc354b6551fa5604aecb0
            [application_token] => sncnba2n0hnw9q9tmrkrbcxfrh6b26fg
        )

)

GET:
Array
(
)

LEAD INFO:
Array
(
    [source_id] => 4
    [status_id] => CONVERTED
    [status_dop] => S
    [other_city] => 0
    [cennost] => 0
    [type] => обычное
    [status_commited] => 1
    [prichina_otkaza] => 
    [record] => http://sc.wilstream.ru/sc/get_okt_record.php?idconnection=77311B7A-3B7B-4D53-A234-D587E0B75451&datecall=20210726-181426-380&partnum=2
    [name] => Хромов Михаил Юрьевич
    [phone] => 89219120521
    [phone_norm] => +79219120521
    [comments] => <br>Комментарий: Чем занимается Ваша компания?: ОНЛАЙН-ОБУЧЕНИЕКакой вид услуг вам понадобится?: ПРИЁМ ВХОДЯЩИХ ЗВОНКОВ,ОБЗВОН ДЕЙСТВУЮЩИХ КЛИЕНТОВКуда или откуда будут звонки?: ВСЯ РОССИЯКакими акциями воспользуетесь?: <br>URL: http://wilstream.ru/
    [stats_id] => wcc1462934
    [stats_descruptor] => 
    [status_name] => подтверждено
    [status_otkaza] => 
)

SEND RESULT:
OK 221 2.0.0 Service closing transmission channel