195.208.184.200
POST:
Array
(
    [event] => ONCRMLEADUPDATE
    [data] => Array
        (
            [FIELDS] => Array
                (
                    [ID] => 30383
                )

        )

    [ts] => 1626505076
    [auth] => Array
        (
            [domain] => wilstream.bitrix24.ru
            [client_endpoint] => https://wilstream.bitrix24.ru/rest/
            [server_endpoint] => https://oauth.bitrix.info/rest/
            [member_id] => cc7c44159e4fc354b6551fa5604aecb0
            [application_token] => sncnba2n0hnw9q9tmrkrbcxfrh6b26fg
        )

)

GET:
Array
(
)

LEAD INFO:
Array
(
    [source_id] => 4
    [status_id] => NEW
    [status_dop] => P
    [other_city] => 0
    [cennost] => 0
    [type] => обычное
    [status_commited] => 0
    [prichina_otkaza] => 
    [record] => 
    [name] => Татьяна
    [phone] => 79206332345
    [phone_norm] => +79206332345
    [comments] => <br>Комментарий: Добрый день.
Интересует стоимость минут в разные отрезки времени: 9-18, 9-21, круглосуточно<br>Услуга:  информативный обзвон<br>URL: http://wilstream.ru/vopros-otvet/2009/08/kak-privlech-klientov-s-pomoschyu-koll-centrov.html
    [stats_id] => wcc1453506
    [stats_descruptor] => 
    [status_name] => отклонено
    [status_otkaza] => 
)
