89.208.230.2
POST:
Array
(
    [event] => ONCRMLEADUPDATE
    [data] => Array
        (
            [FIELDS] => Array
                (
                    [ID] => 30481
                )

        )

    [ts] => 1627029677
    [auth] => Array
        (
            [domain] => wilstream.bitrix24.ru
            [client_endpoint] => https://wilstream.bitrix24.ru/rest/
            [server_endpoint] => https://oauth.bitrix.info/rest/
            [member_id] => cc7c44159e4fc354b6551fa5604aecb0
            [application_token] => sncnba2n0hnw9q9tmrkrbcxfrh6b26fg
        )

)

GET:
Array
(
)

LEAD INFO:
Array
(
    [source_id] => 5
    [status_id] => CONVERTED
    [status_dop] => S
    [other_city] => 1
    [cennost] => 0
    [type] => обычное
    [status_commited] => 1
    [prichina_otkaza] => другой город
    [record] => http://sc.wilstream.ru/sc/get_okt_record.php?idconnection=379396C7-D5B6-4AF6-B143-15F38352FD8E&datecall=20210722-152013-743&partnum=5
    [name] => Сергей
    [phone] => 88312823303
    [phone_norm] => +78312823303
    [comments] => 
Форма отправлена оператором<br>
Комментарий: компания Май. холодные звонки 

    [stats_id] => 
    [stats_descruptor] => 
    [status_name] => отклонено
    [status_otkaza] => другой город
)

SEND RESULT:
OK 221 2.0.0 Service closing transmission channel