195.208.184.200
POST:
Array
(
    [event] => ONCRMLEADUPDATE
    [data] => Array
        (
            [FIELDS] => Array
                (
                    [ID] => 30377
                )

        )

    [ts] => 1626702267
    [auth] => Array
        (
            [domain] => wilstream.bitrix24.ru
            [client_endpoint] => https://wilstream.bitrix24.ru/rest/
            [server_endpoint] => https://oauth.bitrix.info/rest/
            [member_id] => cc7c44159e4fc354b6551fa5604aecb0
            [application_token] => sncnba2n0hnw9q9tmrkrbcxfrh6b26fg
        )

)

GET:
Array
(
)

LEAD INFO:
Array
(
    [source_id] => 4
    [status_id] => CONVERTED
    [status_dop] => S
    [other_city] => 0
    [cennost] => 1
    [type] => ценное
    [status_commited] => 1
    [prichina_otkaza] => 
    [record] => http://sc-vg.wilstream.ru/sc/get_okt_record.php?idconnection=9E614C62-2E21-4DB0-93DB-2EC8246DDFDC&datecall=20210716-151428-263&partnum=1
    [name] => Артем
    [phone] => 79308080058
    [phone_norm] => +79308080058
    [comments] => <br>Комментарий: <br>URL: http://wilstream.ru/
    [stats_id] => 
    [stats_descruptor] => 
    [status_name] => подтверждено
    [status_otkaza] => 
)

SEND RESULT:
OK 221 2.0.0 Service closing transmission channel