89.208.230.2
POST:
Array
(
    [event] => ONCRMLEADUPDATE
    [data] => Array
        (
            [FIELDS] => Array
                (
                    [ID] => 30265
                )

        )

    [ts] => 1626165907
    [auth] => Array
        (
            [domain] => wilstream.bitrix24.ru
            [client_endpoint] => https://wilstream.bitrix24.ru/rest/
            [server_endpoint] => https://oauth.bitrix.info/rest/
            [member_id] => cc7c44159e4fc354b6551fa5604aecb0
            [application_token] => sncnba2n0hnw9q9tmrkrbcxfrh6b26fg
        )

)

GET:
Array
(
)
89.208.230.2
POST:
Array
(
    [event] => ONCRMLEADUPDATE
    [data] => Array
        (
            [FIELDS] => Array
                (
                    [ID] => 30265
                )

        )

    [ts] => 1626165908
    [auth] => Array
        (
            [domain] => wilstream.bitrix24.ru
            [client_endpoint] => https://wilstream.bitrix24.ru/rest/
            [server_endpoint] => https://oauth.bitrix.info/rest/
            [member_id] => cc7c44159e4fc354b6551fa5604aecb0
            [application_token] => sncnba2n0hnw9q9tmrkrbcxfrh6b26fg
        )

)

GET:
Array
(
)
89.208.230.2
POST:
Array
(
    [event] => ONCRMLEADUPDATE
    [data] => Array
        (
            [FIELDS] => Array
                (
                    [ID] => 30265
                )

        )

    [ts] => 1626165908
    [auth] => Array
        (
            [domain] => wilstream.bitrix24.ru
            [client_endpoint] => https://wilstream.bitrix24.ru/rest/
            [server_endpoint] => https://oauth.bitrix.info/rest/
            [member_id] => cc7c44159e4fc354b6551fa5604aecb0
            [application_token] => sncnba2n0hnw9q9tmrkrbcxfrh6b26fg
        )

)

GET:
Array
(
)

LEAD INFO:
Array
(
    [source_id] => 5
    [status_id] => 4
    [status_dop] => F
    [other_city] => 1
    [cennost] => 0
    [type] => обычное
    [status_commited] => 1
    [prichina_otkaza] => не актуально
    [record] => http://sc.wilstream.ru/sc/get_okt_record.php?idconnection=9E5A90AE-E533-489E-B66F-75A78DFED896&datecall=20210712-131945-873&partnum=9
    [name] => Виктория
    [phone] => 84732026000
    [phone_norm] => +74732026000
    [comments] => 
Форма отправлена оператором<br>
Комментарий: &quot;Маркетинг Лайн&quot;, опрос

    [status_name] => отклонено
    [status_otkaza] => Иное
)

LEAD INFO:
Array
(
    [source_id] => 5
    [status_id] => 4
    [status_dop] => F
    [other_city] => 1
    [cennost] => 0
    [type] => обычное
    [status_commited] => 1
    [prichina_otkaza] => не актуально
    [record] => http://sc.wilstream.ru/sc/get_okt_record.php?idconnection=9E5A90AE-E533-489E-B66F-75A78DFED896&datecall=20210712-131945-873&partnum=9
    [name] => Виктория
    [phone] => 84732026000
    [phone_norm] => +74732026000
    [comments] => 
Форма отправлена оператором<br>
Комментарий: &quot;Маркетинг Лайн&quot;, опрос

    [status_name] => отклонено
    [status_otkaza] => Иное
)

LEAD INFO:
Array
(
    [source_id] => 5
    [status_id] => 4
    [status_dop] => F
    [other_city] => 1
    [cennost] => 0
    [type] => обычное
    [status_commited] => 1
    [prichina_otkaza] => не актуально
    [record] => http://sc.wilstream.ru/sc/get_okt_record.php?idconnection=9E5A90AE-E533-489E-B66F-75A78DFED896&datecall=20210712-131945-873&partnum=9
    [name] => Виктория
    [phone] => 84732026000
    [phone_norm] => +74732026000
    [comments] => 
Форма отправлена оператором<br>
Комментарий: &quot;Маркетинг Лайн&quot;, опрос

    [status_name] => отклонено
    [status_otkaza] => Иное
)

SEND RESULT:
OK 221 2.0.0 Service closing transmission channel
SEND RESULT:
OK 221 2.0.0 Service closing transmission channel
SEND RESULT:
OK 