195.208.184.200
POST:
Array
(
    [event] => ONCRMLEADUPDATE
    [data] => Array
        (
            [FIELDS] => Array
                (
                    [ID] => 30455
                )

        )

    [ts] => 1626956056
    [auth] => Array
        (
            [domain] => wilstream.bitrix24.ru
            [client_endpoint] => https://wilstream.bitrix24.ru/rest/
            [server_endpoint] => https://oauth.bitrix.info/rest/
            [member_id] => cc7c44159e4fc354b6551fa5604aecb0
            [application_token] => sncnba2n0hnw9q9tmrkrbcxfrh6b26fg
        )

)

GET:
Array
(
)

LEAD INFO:
Array
(
    [source_id] => 4
    [status_id] => CONVERTED
    [status_dop] => S
    [other_city] => 0
    [cennost] => 0
    [type] => обычное
    [status_commited] => 0
    [prichina_otkaza] => 
    [record] => 
    [name] => Антог
    [phone] => 79257773316
    [phone_norm] => +79257773316
    [comments] => <br>Комментарий: из&nbsp;кампании в&nbsp;Facebook Look-a-like<br><br> Время и дата: 12:19, 2021-07-21<br> Группа объявлений: 1%<br> Объявление: Новое объявление<br> Форма: Свяжитесь с нами 2<br> company_name: Антог<br>номер_телефона: +79257773316<br>     <br>URL: вилстрим.ру.фб
    [stats_id] => wcc1457554
    [stats_descruptor] => 
    [status_name] => подтверждено
    [status_otkaza] => 
)
