89.208.230.2
POST:
Array
(
    [event] => ONCRMLEADUPDATE
    [data] => Array
        (
            [FIELDS] => Array
                (
                    [ID] => 30543
                )

        )

    [ts] => 1627306738
    [auth] => Array
        (
            [domain] => wilstream.bitrix24.ru
            [client_endpoint] => https://wilstream.bitrix24.ru/rest/
            [server_endpoint] => https://oauth.bitrix.info/rest/
            [member_id] => cc7c44159e4fc354b6551fa5604aecb0
            [application_token] => sncnba2n0hnw9q9tmrkrbcxfrh6b26fg
        )

)

GET:
Array
(
)

LEAD INFO:
Array
(
    [source_id] => 5
    [status_id] => 2
    [status_dop] => F
    [other_city] => 1
    [cennost] => 0
    [type] => обычное
    [status_commited] => 0
    [prichina_otkaza] => интересует покупка номера
    [record] => 
    [name] => Олеся
    [phone] => 89675558316
    [phone_norm] => +79675558316
    [comments] => 
Форма отправлена оператором<br>
Комментарий: &quot;Монта&quot;, приобретение телефонного номера

    [stats_id] => 
    [stats_descruptor] => 
    [status_name] => отклонено
    [status_otkaza] => Нет таких услуг
)
