195.208.184.200
POST:
Array
(
    [event] => ONCRMLEADUPDATE
    [data] => Array
        (
            [FIELDS] => Array
                (
                    [ID] => 30469
                )

        )

    [ts] => 1627028621
    [auth] => Array
        (
            [domain] => wilstream.bitrix24.ru
            [client_endpoint] => https://wilstream.bitrix24.ru/rest/
            [server_endpoint] => https://oauth.bitrix.info/rest/
            [member_id] => cc7c44159e4fc354b6551fa5604aecb0
            [application_token] => sncnba2n0hnw9q9tmrkrbcxfrh6b26fg
        )

)

GET:
Array
(
)

LEAD INFO:
Array
(
    [source_id] => 5
    [status_id] => 2
    [status_dop] => F
    [other_city] => 0
    [cennost] => 0
    [type] => обычное
    [status_commited] => 1
    [prichina_otkaza] => искали КЦ на субподряд, не можем оказать услуги.
    [record] => http://sc.wilstream.ru/sc/get_okt_record.php?idconnection=CAA82FB7-BA6F-49A7-9812-5595F485DAC1&datecall=20210722-110026-993&partnum=4
    [name] => Максим
    [phone] => 89310091605
    [phone_norm] => +79310091605
    [comments] => 
Форма отправлена оператором<br>
Комментарий: Гранат. входящие звонки

    [stats_id] => 
    [stats_descruptor] => 
    [status_name] => отклонено
    [status_otkaza] => Нет таких услуг
)

SEND RESULT:
OK 221 2.0.0 Service closing transmission channel