89.208.230.2
POST:
Array
(
    [event] => ONCRMLEADUPDATE
    [data] => Array
        (
            [FIELDS] => Array
                (
                    [ID] => 30479
                )

        )

    [ts] => 1626951838
    [auth] => Array
        (
            [domain] => wilstream.bitrix24.ru
            [client_endpoint] => https://wilstream.bitrix24.ru/rest/
            [server_endpoint] => https://oauth.bitrix.info/rest/
            [member_id] => cc7c44159e4fc354b6551fa5604aecb0
            [application_token] => sncnba2n0hnw9q9tmrkrbcxfrh6b26fg
        )

)

GET:
Array
(
)

LEAD INFO:
Array
(
    [source_id] => 4
    [status_id] => NEW
    [status_dop] => P
    [other_city] => 0
    [cennost] => 0
    [type] => обычное
    [status_commited] => 0
    [prichina_otkaza] => 
    [record] => 
    [name] => Юлия
    [phone] => 89032527658
    [phone_norm] => +79032527658
    [comments] => <br>Комментарий: из&nbsp;кампании в&nbsp;Facebook Поиск клиентов<br><br> Время и дата: 08:42, 2021-07-22<br> Группа объявлений: Оптовая торговля<br> Объявление: - Генерация лидов<br> Форма: Свяжитесь с нами 2<br> company_name: Юлия<br>номер_телефона: 89032527658<br>     <br>URL: вилстрим.ру.фб
    [stats_id] => wcc1458716
    [stats_descruptor] => 
    [status_name] => отклонено
    [status_otkaza] => 
)
