195.208.184.200
POST:
Array
(
    [event] => ONCRMLEADUPDATE
    [data] => Array
        (
            [FIELDS] => Array
                (
                    [ID] => 30305
                )

        )

    [ts] => 1626194571
    [auth] => Array
        (
            [domain] => wilstream.bitrix24.ru
            [client_endpoint] => https://wilstream.bitrix24.ru/rest/
            [server_endpoint] => https://oauth.bitrix.info/rest/
            [member_id] => cc7c44159e4fc354b6551fa5604aecb0
            [application_token] => sncnba2n0hnw9q9tmrkrbcxfrh6b26fg
        )

)

GET:
Array
(
)

LEAD INFO:
Array
(
    [source_id] => 4
    [status_id] => NEW
    [status_dop] => P
    [other_city] => 0
    [cennost] => 0
    [type] => обычное
    [status_commited] => 0
    [prichina_otkaza] => 
    [record] => 
    [name] => Ренат
    [phone] => 79223561802
    [phone_norm] => +79223561802
    [comments] => <br>Комментарий: Чем занимается Ваша компания?: ОНЛАЙН-ОБУЧЕНИЕКакой вид услуг вам понадобится?: ПОИСК КЛИЕНТОВ-ФИЗЛИЦ ПО ВАШЕЙ БАЗЕ,ПОИСК КЛИЕНТОВ-ЮРЛИЦКуда или откуда будут звонки?: ВСЯ РОССИЯКакими акциями воспользуетесь?: СЭКОНОМЬТЕ 25% НА ТЕЛЕФОННЫХ ПРЕЗЕНТАЦИЯХ<br>URL: http://wilstream.ru/
    [status_name] => отклонено
    [status_otkaza] => 
)
