195.208.184.200
POST:
Array
(
    [event] => ONCRMLEADUPDATE
    [data] => Array
        (
            [FIELDS] => Array
                (
                    [ID] => 30523
                )

        )

    [ts] => 1627377868
    [auth] => Array
        (
            [domain] => wilstream.bitrix24.ru
            [client_endpoint] => https://wilstream.bitrix24.ru/rest/
            [server_endpoint] => https://oauth.bitrix.info/rest/
            [member_id] => cc7c44159e4fc354b6551fa5604aecb0
            [application_token] => sncnba2n0hnw9q9tmrkrbcxfrh6b26fg
        )

)

GET:
Array
(
)

LEAD INFO:
Array
(
    [source_id] => 4
    [status_id] => 8
    [status_dop] => F
    [other_city] => 0
    [cennost] => 0
    [type] => обычное
    [status_commited] => 0
    [prichina_otkaza] => 
    [record] => 
    [name] => Руслан
    [phone] => 79038004366
    [phone_norm] => +79038004366
    [comments] => <br>Комментарий: Чем занимается Ваша компания?: ЮРИДИЧЕСКИЕ УСЛУГИКакой вид услуг вам понадобится?: ПРИЁМ ВХОДЯЩИХ ЗВОНКОВКуда или откуда будут звонки?: ВСЯ РОССИЯКакими акциями воспользуетесь?: СКИДКА 30% НА ГОРЯЧУЮ ЛИНИЮ<br>URL: http://wilstream.ru/<br>Данные с формы: <br>
    Имя: Руслан <br>
    Email: <br>
    Номер: 79038004366<br>
    Название компании: <br>
    Комментарии: <br>URL: http://wilstream.ru/incalls/telefonnoe-konsultirovanie/<br>Данные с формы: <br>
    Имя: Руслан <br>
    Email: <br>
    Номер: 79038004366<br>
    Название компании: <br>
    Комментарии: <br>URL: http://wilstream.ru/incalls/telefonnoe-konsultirovanie/
    [stats_id] => wcc1461852
    [stats_descruptor] => 
    [status_name] => отклонено
    [status_otkaza] => Недозвон больше 2дн
)
