195.208.184.200
POST:
Array
(
    [event] => ONCRMLEADUPDATE
    [data] => Array
        (
            [FIELDS] => Array
                (
                    [ID] => 30421
                )

        )

    [ts] => 1626794591
    [auth] => Array
        (
            [domain] => wilstream.bitrix24.ru
            [client_endpoint] => https://wilstream.bitrix24.ru/rest/
            [server_endpoint] => https://oauth.bitrix.info/rest/
            [member_id] => cc7c44159e4fc354b6551fa5604aecb0
            [application_token] => sncnba2n0hnw9q9tmrkrbcxfrh6b26fg
        )

)

GET:
Array
(
)

LEAD INFO:
Array
(
    [source_id] => 5
    [status_id] => CONVERTED
    [status_dop] => S
    [other_city] => 1
    [cennost] => 0
    [type] => обычное
    [status_commited] => 1
    [prichina_otkaza] => другой город
    [record] => http://sc.wilstream.ru/sc/get_okt_record.php?idconnection=0BCE9A7F-09D3-4885-81B0-ADEC168C1E87&datecall=20210720-115757-787&partnum=2
    [name] => Михаил
    [phone] => 89950879303
    [phone_norm] => +79950879303
    [comments] => 
Форма отправлена оператором<br>
Комментарий: исходящие звонки

    [stats_id] => 
    [stats_descruptor] => 
    [status_name] => отклонено
    [status_otkaza] => другой город
)

SEND RESULT:
OK 221 2.0.0 Service closing transmission channel