195.208.184.200
POST:
Array
(
    [event] => ONCRMLEADUPDATE
    [data] => Array
        (
            [FIELDS] => Array
                (
                    [ID] => 30309
                )

        )

    [ts] => 1626194561
    [auth] => Array
        (
            [domain] => wilstream.bitrix24.ru
            [client_endpoint] => https://wilstream.bitrix24.ru/rest/
            [server_endpoint] => https://oauth.bitrix.info/rest/
            [member_id] => cc7c44159e4fc354b6551fa5604aecb0
            [application_token] => sncnba2n0hnw9q9tmrkrbcxfrh6b26fg
        )

)

GET:
Array
(
)

LEAD INFO:
Array
(
    [source_id] => 4
    [status_id] => CONVERTED
    [status_dop] => S
    [other_city] => 0
    [cennost] => 0
    [type] => обычное
    [status_commited] => 0
    [prichina_otkaza] => 
    [record] => 
    [name] => Ivan
    [phone] => 79219064250
    [phone_norm] => +79219064250
    [comments] => <br>Комментарий: Чем занимается Ваша компания?: ДРУГОЙ ВАРИАНТКакой вид услуг вам понадобится?: ПОИСК КЛИЕНТОВ-ФИЗЛИЦ ПО ВАШЕЙ БАЗЕКуда или откуда будут звонки?: ВСЯ РОССИЯКакими акциями воспользуетесь?: «ИДЕАЛЬНЫЙ СЕКРЕТАРЬ» С ВЫГОДОЙ 50%<br>URL: http://wilstream.ru/
    [status_name] => подтверждено
    [status_otkaza] => 
)
