195.208.184.200
POST:
Array
(
    [event] => ONCRMLEADUPDATE
    [data] => Array
        (
            [FIELDS] => Array
                (
                    [ID] => 30585
                )

        )

    [ts] => 1627463586
    [auth] => Array
        (
            [domain] => wilstream.bitrix24.ru
            [client_endpoint] => https://wilstream.bitrix24.ru/rest/
            [server_endpoint] => https://oauth.bitrix.info/rest/
            [member_id] => cc7c44159e4fc354b6551fa5604aecb0
            [application_token] => sncnba2n0hnw9q9tmrkrbcxfrh6b26fg
        )

)

GET:
Array
(
)

LEAD INFO:
Array
(
    [source_id] => 4
    [status_id] => 2
    [status_dop] => F
    [other_city] => 0
    [cennost] => 0
    [type] => обычное
    [status_commited] => 0
    [prichina_otkaza] => Работа за лиды по базе клиента. Модельное агентство.
    [record] => 
    [name] => Руслан
    [phone] => 89958838009
    [phone_norm] => +79958838009
    [comments] => <br>URL: http://wilstream.ru/stati/uslugi-koll-tsentra-s-oplatoy-za-rezultat/
    [stats_id] => wcc1464192
    [stats_descruptor] => 
    [status_name] => отклонено
    [status_otkaza] => Нет таких услуг
)
