195.208.184.200
POST:
Array
(
    [event] => ONCRMLEADUPDATE
    [data] => Array
        (
            [FIELDS] => Array
                (
                    [ID] => 30405
                )

        )

    [ts] => 1626710181
    [auth] => Array
        (
            [domain] => wilstream.bitrix24.ru
            [client_endpoint] => https://wilstream.bitrix24.ru/rest/
            [server_endpoint] => https://oauth.bitrix.info/rest/
            [member_id] => cc7c44159e4fc354b6551fa5604aecb0
            [application_token] => sncnba2n0hnw9q9tmrkrbcxfrh6b26fg
        )

)

GET:
Array
(
)

LEAD INFO:
Array
(
    [source_id] => 5
    [status_id] => 2
    [status_dop] => F
    [other_city] => 0
    [cennost] => 0
    [type] => обычное
    [status_commited] => 1
    [prichina_otkaza] => Ищет продажника с полным циклом продаж.
    [record] => http://sc.wilstream.ru/sc/get_okt_record.php?idconnection=32B6D50C-A4D8-410C-9F24-27B68D2BC0D4&datecall=20210719-181025-693&partnum=4
    [name] => Андрей
    [phone] => 89992791311
    [phone_norm] => +79992791311
    [comments] => 
Форма отправлена оператором<br>
Комментарий: компания диджитал маркетинг. продажи и поддержка связи с клиентами. 

    [stats_id] => 
    [stats_descruptor] => 
    [status_name] => отклонено
    [status_otkaza] => Нет таких услуг
)

SEND RESULT:
OK 221 2.0.0 Service closing transmission channel