89.208.230.2
POST:
Array
(
    [event] => ONCRMLEADUPDATE
    [data] => Array
        (
            [FIELDS] => Array
                (
                    [ID] => 30105
                )

        )

    [ts] => 1626697622
    [auth] => Array
        (
            [domain] => wilstream.bitrix24.ru
            [client_endpoint] => https://wilstream.bitrix24.ru/rest/
            [server_endpoint] => https://oauth.bitrix.info/rest/
            [member_id] => cc7c44159e4fc354b6551fa5604aecb0
            [application_token] => sncnba2n0hnw9q9tmrkrbcxfrh6b26fg
        )

)

GET:
Array
(
)

LEAD INFO:
Array
(
    [source_id] => 4
    [status_id] => JUNK
    [status_dop] => F
    [other_city] => 0
    [cennost] => 
    [type] => обычное
    [status_commited] => 
    [prichina_otkaza] => услуги КЦ не интересуют
    [record] => 
    [name] => Клин слэй
    [phone] => 79264440263
    [phone_norm] => +79264440263
    [comments] => <br>Комментарий: из&nbsp;кампании в&nbsp;Facebook Look-a-like<br><br> Время и дата: 22:05, 2021-07-04<br> Группа объявлений: 1%<br> Объявление: Новое объявление<br> Форма: Свяжитесь с нами 2<br> company_name: Клин слэй<br>номер_телефона: +79264440263<br>     <br>URL: вилстрим.ру.фб
    [stats_id] => 
    [stats_descruptor] => 
    [status_name] => отклонено
    [status_otkaza] => ошибка
)
