89.208.230.2
POST:
Array
(
    [event] => ONCRMLEADUPDATE
    [data] => Array
        (
            [FIELDS] => Array
                (
                    [ID] => 30415
                )

        )

    [ts] => 1626791683
    [auth] => Array
        (
            [domain] => wilstream.bitrix24.ru
            [client_endpoint] => https://wilstream.bitrix24.ru/rest/
            [server_endpoint] => https://oauth.bitrix.info/rest/
            [member_id] => cc7c44159e4fc354b6551fa5604aecb0
            [application_token] => sncnba2n0hnw9q9tmrkrbcxfrh6b26fg
        )

)

GET:
Array
(
)

LEAD INFO:
Array
(
    [source_id] => 4
    [status_id] => 4
    [status_dop] => F
    [other_city] => 0
    [cennost] => 0
    [type] => обычное
    [status_commited] => 1
    [prichina_otkaza] => нет юр.лица 
    [record] => http://sc-vg.wilstream.ru/sc/get_okt_record.php?idconnection=BBB877FA-40A3-4958-BAF4-18A165A71B21&datecall=20210720-113700-397&partnum=1
    [name] => Михаил
    [phone] => 79162670080
    [phone_norm] => +79162670080
    [comments] => <br>Комментарий: Какой вид услуг вам понадобится? ПОИСК КЛИЕНТОВ И ПРОДАЖИ ПО ТЕЛЕФОНУКак срочно нужно запустить проект?: ЭТО НЕ ТАК ВАЖНО, ГЛАВНОЕ – КАЧЕСТВОКуда или откуда будут звонки? МОСКВА И ОБЛАСТЬ<br>URL: http://wilstream.ru/<br>Данные с формы: <br>
    Имя: Михаил<br>
    Email: <br>
    Номер: +79162670080<br>
    Название компании: <br>
    Комментарии: <br>Комментарий: Какой вид услуг вам понадобится? ПОИСК КЛИЕНТОВ И ПРОДАЖИ ПО ТЕЛЕФОНУКак срочно нужно запустить проект?: ЭТО НЕ ТАК ВАЖНО, ГЛАВНОЕ – КАЧЕСТВОКуда или откуда будут звонки? МОСКВА И ОБЛАСТЬ<br>URL: http://wilstream.ru/<br>Данные с формы: <br>
    Имя: Михаил<br>
    Email: <br>
    Номер: +79162670080<br>
    Название компании: <br>
    Комментарии: <br>Комментарий: Какой вид услуг вам понадобится? ПОИСК КЛИЕНТОВ И ПРОДАЖИ ПО ТЕЛЕФОНУКак срочно нужно запустить проект?: ЭТО НЕ ТАК ВАЖНО, ГЛАВНОЕ – КАЧЕСТВОКуда или откуда будут звонки? МОСКВА И ОБЛАСТЬ<br>URL: http://wilstream.ru/
    [stats_id] => wcc1456076
    [stats_descruptor] => 
    [status_name] => отклонено
    [status_otkaza] => Иное
)

SEND RESULT:
OK 221 2.0.0 Service closing transmission channel