195.208.184.200
POST:
Array
(
    [event] => ONCRMLEADUPDATE
    [data] => Array
        (
            [FIELDS] => Array
                (
                    [ID] => 30311
                )

        )

    [ts] => 1626429222
    [auth] => Array
        (
            [domain] => wilstream.bitrix24.ru
            [client_endpoint] => https://wilstream.bitrix24.ru/rest/
            [server_endpoint] => https://oauth.bitrix.info/rest/
            [member_id] => cc7c44159e4fc354b6551fa5604aecb0
            [application_token] => sncnba2n0hnw9q9tmrkrbcxfrh6b26fg
        )

)

GET:
Array
(
)

LEAD INFO:
Array
(
    [source_id] => 4
    [status_id] => JUNK
    [status_dop] => F
    [other_city] => 0
    [cennost] => 0
    [type] => обычное
    [status_commited] => 1
    [prichina_otkaza] => не оставлял заявку
    [record] => http://sc.wilstream.ru/sc/get_okt_record.php?idconnection=CD58FBA9-3C8E-4813-BE5B-51BCD802FA91&datecall=20210716-125139-800&partnum=2
    [name] => Vvvv
    [phone] => 9585963699
    [phone_norm] => +79585963699
    [comments] => <br>URL: http://wilstream.ru/
    [stats_id] => 
    [stats_descruptor] => 
    [status_name] => отклонено
    [status_otkaza] => ошибка
)

SEND RESULT:
OK 221 2.0.0 Service closing transmission channel