89.208.230.2
POST:
Array
(
    [event] => ONCRMLEADUPDATE
    [data] => Array
        (
            [FIELDS] => Array
                (
                    [ID] => 30349
                )

        )

    [ts] => 1626440344
    [auth] => Array
        (
            [domain] => wilstream.bitrix24.ru
            [client_endpoint] => https://wilstream.bitrix24.ru/rest/
            [server_endpoint] => https://oauth.bitrix.info/rest/
            [member_id] => cc7c44159e4fc354b6551fa5604aecb0
            [application_token] => sncnba2n0hnw9q9tmrkrbcxfrh6b26fg
        )

)

GET:
Array
(
)

LEAD INFO:
Array
(
    [source_id] => 4
    [status_id] => CONVERTED
    [status_dop] => S
    [other_city] => 0
    [cennost] => 1
    [type] => ценное
    [status_commited] => 0
    [prichina_otkaza] => 
    [record] => http://sc-vg.wilstream.ru/sc/get_okt_record.php?idconnection=8D248C5F-86B2-4C3B-92F1-B2996EB151DC&datecall=20210715-151134-860&partnum=1
    [name] => максим
    [phone] => 89152722277
    [phone_norm] => +79152722277
    [comments] => <br>Комментарий: колцентр для интернет провайдера<br>URL: www.contact-center.ru/
    [stats_id] => 
    [stats_descruptor] => 
    [status_name] => подтверждено
    [status_otkaza] => 
)
