195.208.184.200
POST:
Array
(
    [event] => ONCRMLEADUPDATE
    [data] => Array
        (
            [FIELDS] => Array
                (
                    [ID] => 30545
                )

        )

    [ts] => 1627400407
    [auth] => Array
        (
            [domain] => wilstream.bitrix24.ru
            [client_endpoint] => https://wilstream.bitrix24.ru/rest/
            [server_endpoint] => https://oauth.bitrix.info/rest/
            [member_id] => cc7c44159e4fc354b6551fa5604aecb0
            [application_token] => sncnba2n0hnw9q9tmrkrbcxfrh6b26fg
        )

)

GET:
Array
(
)

LEAD INFO:
Array
(
    [source_id] => 5
    [status_id] => 2
    [status_dop] => F
    [other_city] => 0
    [cennost] => 0
    [type] => обычное
    [status_commited] => 1
    [prichina_otkaza] => отдел продаж полного цикла
    [record] => http://sc.wilstream.ru/sc/get_okt_record.php?idconnection=174FDA67-6B59-4FBC-A13D-79CDC833AC55&datecall=20210727-124528-750&partnum=1
    [name] => Анна
    [phone] => 89167284242
    [phone_norm] => +79167284242
    [comments] => 
Форма отправлена оператором<br>
Комментарий: Инбаланс компания. аутсорс продаж, исходящие звонки. 

    [stats_id] => 
    [stats_descruptor] => 
    [status_name] => отклонено
    [status_otkaza] => Нет таких услуг
)

SEND RESULT:
OK 221 2.0.0 Service closing transmission channel