195.208.184.200
POST:
Array
(
    [event] => ONCRMLEADUPDATE
    [data] => Array
        (
            [FIELDS] => Array
                (
                    [ID] => 30439
                )

        )

    [ts] => 1627039338
    [auth] => Array
        (
            [domain] => wilstream.bitrix24.ru
            [client_endpoint] => https://wilstream.bitrix24.ru/rest/
            [server_endpoint] => https://oauth.bitrix.info/rest/
            [member_id] => cc7c44159e4fc354b6551fa5604aecb0
            [application_token] => sncnba2n0hnw9q9tmrkrbcxfrh6b26fg
        )

)

GET:
Array
(
)

LEAD INFO:
Array
(
    [source_id] => 4
    [status_id] => CONVERTED
    [status_dop] => S
    [other_city] => 0
    [cennost] => 0
    [type] => обычное
    [status_commited] => 1
    [prichina_otkaza] => 
    [record] => http://sc-vg.wilstream.ru/sc/get_okt_record.php?idconnection=160FCFCB-52E2-4018-83C1-0BCF599E03BB&datecall=20210720-181526-900&partnum=1
    [name] => Николай
    [phone] => 89990038312
    [phone_norm] => +79990038312
    [comments] => <br>Комментарий: Обзвон  клиентов по существующей базе<br>URL: www.contact-center.ru/iskhodyashchie/holodnye-zvonki/
    [stats_id] => 
    [stats_descruptor] => 
    [status_name] => подтверждено
    [status_otkaza] => 
)

SEND RESULT:
OK 221 2.0.0 Service closing transmission channel