89.208.230.2
POST:
Array
(
    [event] => ONCRMLEADUPDATE
    [data] => Array
        (
            [FIELDS] => Array
                (
                    [ID] => 30399
                )

        )

    [ts] => 1626680286
    [auth] => Array
        (
            [domain] => wilstream.bitrix24.ru
            [client_endpoint] => https://wilstream.bitrix24.ru/rest/
            [server_endpoint] => https://oauth.bitrix.info/rest/
            [member_id] => cc7c44159e4fc354b6551fa5604aecb0
            [application_token] => sncnba2n0hnw9q9tmrkrbcxfrh6b26fg
        )

)

GET:
Array
(
)

LEAD INFO:
Array
(
    [source_id] => 4
    [status_id] => JUNK
    [status_dop] => F
    [other_city] => 0
    [cennost] => 0
    [type] => обычное
    [status_commited] => 0
    [prichina_otkaza] => Бросил трубку после приветствия.  При повторной попытке дозвониться, скидывает.
    [record] => 
    [name] => Георгий
    [phone] => 89269841003
    [phone_norm] => +79269841003
    [comments] => <br>URL: http://wilstream.ru/incalls/telefonnoe-konsultirovanie/
    [stats_id] => wcc1454766
    [stats_descruptor] => 
    [status_name] => отклонено
    [status_otkaza] => ошибка
)
