195.208.184.200
POST:
Array
(
    [event] => ONCRMLEADUPDATE
    [data] => Array
        (
            [FIELDS] => Array
                (
                    [ID] => 30279
                )

        )

    [ts] => 1626165048
    [auth] => Array
        (
            [domain] => wilstream.bitrix24.ru
            [client_endpoint] => https://wilstream.bitrix24.ru/rest/
            [server_endpoint] => https://oauth.bitrix.info/rest/
            [member_id] => cc7c44159e4fc354b6551fa5604aecb0
            [application_token] => sncnba2n0hnw9q9tmrkrbcxfrh6b26fg
        )

)

GET:
Array
(
)

LEAD INFO:
Array
(
    [source_id] => 4
    [status_id] => 2
    [status_dop] => F
    [other_city] => 0
    [cennost] => 0
    [type] => обычное
    [status_commited] => 0
    [prichina_otkaza] => нет таких услуг
    [record] => http://sc.wilstream.ru/sc/get_okt_record.php?idconnection=A36A4C0F-4A98-4CB0-9F21-83B18068DB8B&datecall=20210713-105106-027&partnum=1
    [name] => Андрей
    [phone] => 77777796876
    [phone_norm] => +77777796876
    [comments] => <br>URL: http://wilstream.ru/
    [status_name] => отклонено
    [status_otkaza] => Нет таких услуг
)
