195.208.184.200
POST:
Array
(
    [event] => ONCRMLEADUPDATE
    [data] => Array
        (
            [FIELDS] => Array
                (
                    [ID] => 30303
                )

        )

    [ts] => 1626190474
    [auth] => Array
        (
            [domain] => wilstream.bitrix24.ru
            [client_endpoint] => https://wilstream.bitrix24.ru/rest/
            [server_endpoint] => https://oauth.bitrix.info/rest/
            [member_id] => cc7c44159e4fc354b6551fa5604aecb0
            [application_token] => sncnba2n0hnw9q9tmrkrbcxfrh6b26fg
        )

)

GET:
Array
(
)

LEAD INFO:
Array
(
    [source_id] => 5
    [status_id] => CONVERTED
    [status_dop] => S
    [other_city] => 1
    [cennost] => 0
    [type] => обычное
    [status_commited] => 1
    [prichina_otkaza] => другой город
    [record] => http://sc.wilstream.ru/sc/get_okt_record.php?idconnection=0C2ECC6E-61D8-4B7D-99B8-769A426D026D&datecall=20210713-160823-717&partnum=2
    [name] => Даниил.
    [phone] => 89879128075
    [phone_norm] => +79879128075
    [comments] => 
Форма отправлена оператором<br>
Комментарий: компания РусЭк. обзвон исходящие звонки Б2Б клиентура

    [status_name] => отклонено
    [status_otkaza] => другой город
)

SEND RESULT:
OK 221 2.0.0 Service closing transmission channel