89.208.230.2
POST:
Array
(
    [event] => ONCRMLEADUPDATE
    [data] => Array
        (
            [FIELDS] => Array
                (
                    [ID] => 30465
                )

        )

    [ts] => 1626943672
    [auth] => Array
        (
            [domain] => wilstream.bitrix24.ru
            [client_endpoint] => https://wilstream.bitrix24.ru/rest/
            [server_endpoint] => https://oauth.bitrix.info/rest/
            [member_id] => cc7c44159e4fc354b6551fa5604aecb0
            [application_token] => sncnba2n0hnw9q9tmrkrbcxfrh6b26fg
        )

)

GET:
Array
(
)

LEAD INFO:
Array
(
    [source_id] => 4
    [status_id] => CONVERTED
    [status_dop] => S
    [other_city] => 0
    [cennost] => 0
    [type] => обычное
    [status_commited] => 0
    [prichina_otkaza] => 
    [record] => 
    [name] => Юрий
    [phone] => 89687582399
    [phone_norm] => +79687582399
    [comments] => <br>Комментарий: Какой вид услуг вам понадобится? ПОИСК КЛИЕНТОВ И ПРОДАЖИ ПО ТЕЛЕФОНУКак срочно нужно запустить проект?: КАК МОЖНО БЫСТРЕЕКуда или откуда будут звонки? ВСЯ РОССИЯ<br>URL: http://wilstream.ru/<br>Данные с формы: <br>
    Имя: Юрий<br>
    Email: <br>
    Номер: 89687582399<br>
    Название компании: <br>
    Комментарии: <br>Комментарий: Какой вид услуг вам понадобится? ПОИСК КЛИЕНТОВ И ПРОДАЖИ ПО ТЕЛЕФОНУКак срочно нужно запустить проект?: КАК МОЖНО БЫСТРЕЕКуда или откуда будут звонки? ВСЯ РОССИЯ<br>URL: http://wilstream.ru/<br>Данные с формы: <br>
    Имя: Юрий<br>
    Email: <br>
    Номер: 89687582399<br>
    Название компании: <br>
    Комментарии: <br>Комментарий: Какой вид услуг вам понадобится? ПОИСК КЛИЕНТОВ И ПРОДАЖИ ПО ТЕЛЕФОНУКак срочно нужно запустить проект?: КАК МОЖНО БЫСТРЕЕКуда или откуда будут звонки? ВСЯ РОССИЯ<br>URL: http://wilstream.ru/
    [stats_id] => wcc1458192
    [stats_descruptor] => 
    [status_name] => подтверждено
    [status_otkaza] => 
)
