195.208.184.200
POST:
Array
(
    [event] => ONCRMLEADUPDATE
    [data] => Array
        (
            [FIELDS] => Array
                (
                    [ID] => 30529
                )

        )

    [ts] => 1627400284
    [auth] => Array
        (
            [domain] => wilstream.bitrix24.ru
            [client_endpoint] => https://wilstream.bitrix24.ru/rest/
            [server_endpoint] => https://oauth.bitrix.info/rest/
            [member_id] => cc7c44159e4fc354b6551fa5604aecb0
            [application_token] => sncnba2n0hnw9q9tmrkrbcxfrh6b26fg
        )

)

GET:
Array
(
)

LEAD INFO:
Array
(
    [source_id] => 4
    [status_id] => 8
    [status_dop] => F
    [other_city] => 0
    [cennost] => 0
    [type] => обычное
    [status_commited] => 1
    [prichina_otkaza] => 
    [record] => 
    [name] => Ааа
    [phone] => 89671234567
    [phone_norm] => +79671234567
    [comments] => <br>Комментарий: Какой вид услуг вам понадобится? ПОИСК КЛИЕНТОВ И ПРОДАЖИ ПО ТЕЛЕФОНУКак срочно нужно запустить проект?: ЗА 72 ЧАСАКуда или откуда будут звонки? МОСКВА И ОБЛАСТЬ<br>URL: http://wilstream.ru/
    [stats_id] => wcc1462351
    [stats_descruptor] => 
    [status_name] => отклонено
    [status_otkaza] => Недозвон больше 2дн
)

SEND RESULT:
OK 221 2.0.0 Service closing transmission channel