89.208.230.2
POST:
Array
(
    [event] => ONCRMLEADUPDATE
    [data] => Array
        (
            [FIELDS] => Array
                (
                    [ID] => 30313
                )

        )

    [ts] => 1626243255
    [auth] => Array
        (
            [domain] => wilstream.bitrix24.ru
            [client_endpoint] => https://wilstream.bitrix24.ru/rest/
            [server_endpoint] => https://oauth.bitrix.info/rest/
            [member_id] => cc7c44159e4fc354b6551fa5604aecb0
            [application_token] => sncnba2n0hnw9q9tmrkrbcxfrh6b26fg
        )

)

GET:
Array
(
)

LEAD INFO:
Array
(
    [source_id] => 4
    [status_id] => JUNK
    [status_dop] => F
    [other_city] => 0
    [cennost] => 0
    [type] => обычное
    [status_commited] => 0
    [prichina_otkaza] => заявку не оставлял, говорит, что уже не первый раз ему звонят, кто-то оставляет заявки за него
    [record] => 
    [name] => Беккер Сергей иванович
    [phone] => 79277058972
    [phone_norm] => +79277058972
    [comments] => <br>URL: http://wilstream.ru/incalls/telefonnoe-konsultirovanie/<br>Данные с формы: <br>
    Имя: Сергей<br>
    Email: <br>
    Номер: +79277058972<br>
    Название компании: <br>
    Комментарии: <br>Комментарий: Чем занимается Ваша компания?: НЕДВИЖИМОСТЬКакой вид услуг вам понадобится?: ПРИЁМ ВХОДЯЩИХ ЗВОНКОВКуда или откуда будут звонки?: ВСЯ РОССИЯКакими акциями воспользуетесь?: СКИДКА 30% НА ГОРЯЧУЮ ЛИНИЮ<br>URL: http://wilstream.ru/
    [status_name] => отклонено
    [status_otkaza] => ошибка
)
