89.208.230.2
POST:
Array
(
    [event] => ONCRMLEADUPDATE
    [data] => Array
        (
            [FIELDS] => Array
                (
                    [ID] => 30459
                )

        )

    [ts] => 1627033099
    [auth] => Array
        (
            [domain] => wilstream.bitrix24.ru
            [client_endpoint] => https://wilstream.bitrix24.ru/rest/
            [server_endpoint] => https://oauth.bitrix.info/rest/
            [member_id] => cc7c44159e4fc354b6551fa5604aecb0
            [application_token] => sncnba2n0hnw9q9tmrkrbcxfrh6b26fg
        )

)

GET:
Array
(
)

LEAD INFO:
Array
(
    [source_id] => 4
    [status_id] => CONVERTED
    [status_dop] => S
    [other_city] => 0
    [cennost] => 0
    [type] => обычное
    [status_commited] => 1
    [prichina_otkaza] => 
    [record] => http://sc-vg.wilstream.ru/sc/get_okt_record.php?idconnection=7D022711-9B86-4582-BE63-F4F79108D4C5&datecall=20210721-142308-417&partnum=1
    [name] => Lancman school
    [phone] => 79775148409
    [phone_norm] => +79775148409
    [comments] => <br>Комментарий: из&nbsp;кампании в&nbsp;Facebook Look-a-like<br><br> Время и дата: 13:59, 2021-07-21<br> Группа объявлений: 1%<br> Объявление: Новое объявление<br> Форма: Свяжитесь с нами 2<br> company_name: Lancman school<br>номер_телефона: +79775148409<br>     <br>URL: вилстрим.ру.фб
    [stats_id] => wcc1457718
    [stats_descruptor] => 
    [status_name] => подтверждено
    [status_otkaza] => 
)

SEND RESULT:
OK 221 2.0.0 Service closing transmission channel