89.208.230.2
POST:
Array
(
    [event] => ONCRMLEADUPDATE
    [data] => Array
        (
            [FIELDS] => Array
                (
                    [ID] => 30587
                )

        )

    [ts] => 1627451104
    [auth] => Array
        (
            [domain] => wilstream.bitrix24.ru
            [client_endpoint] => https://wilstream.bitrix24.ru/rest/
            [server_endpoint] => https://oauth.bitrix.info/rest/
            [member_id] => cc7c44159e4fc354b6551fa5604aecb0
            [application_token] => sncnba2n0hnw9q9tmrkrbcxfrh6b26fg
        )

)

GET:
Array
(
)

LEAD INFO:
Array
(
    [source_id] => 4
    [status_id] => NEW
    [status_dop] => P
    [other_city] => 0
    [cennost] => 0
    [type] => обычное
    [status_commited] => 0
    [prichina_otkaza] => 
    [record] => 
    [name] => Сергей Викторович
    [phone] => 79195479201
    [phone_norm] => +79195479201
    [comments] => <br>Комментарий: Чем занимается Ваша компания?: ЮРИДИЧЕСКИЕ УСЛУГИКакой вид услуг вам понадобится?: ПОИСК КЛИЕНТОВ-ФИЗЛИЦ ПО ВАШЕЙ БАЗЕ,ПОИСК КЛИЕНТОВ-ЮРЛИЦКуда или откуда будут звонки?: МОСКВА И ОБЛАСТЬКакими акциями воспользуетесь?: СКИДКА 30% НА ГОРЯЧУЮ ЛИНИЮ<br>URL: http://wilstream.ru/
    [stats_id] => wcc1464425
    [stats_descruptor] => 
    [status_name] => отклонено
    [status_otkaza] => 
)
