195.208.184.200
POST:
Array
(
    [event] => ONCRMLEADUPDATE
    [data] => Array
        (
            [FIELDS] => Array
                (
                    [ID] => 30557
                )

        )

    [ts] => 1627466875
    [auth] => Array
        (
            [domain] => wilstream.bitrix24.ru
            [client_endpoint] => https://wilstream.bitrix24.ru/rest/
            [server_endpoint] => https://oauth.bitrix.info/rest/
            [member_id] => cc7c44159e4fc354b6551fa5604aecb0
            [application_token] => sncnba2n0hnw9q9tmrkrbcxfrh6b26fg
        )

)

GET:
Array
(
)

LEAD INFO:
Array
(
    [source_id] => 5
    [status_id] => 2
    [status_dop] => F
    [other_city] => 0
    [cennost] => 0
    [type] => обычное
    [status_commited] => 1
    [prichina_otkaza] => обзвон физ.лиц, нет базы
    [record] => http://sc.wilstream.ru/sc/get_okt_record.php?idconnection=D0ED61E3-A73E-4B07-B453-39EDB76A13D3&datecall=20210727-115141-697&partnum=4
    [name] => Александр 
    [phone] => 89654192401
    [phone_norm] => +79654192401
    [comments] => 
Форма отправлена оператором<br>
Комментарий: компания Александр. привлечение клиентов

    [stats_id] => 
    [stats_descruptor] => 
    [status_name] => отклонено
    [status_otkaza] => Нет таких услуг
)

SEND RESULT:
OK 221 2.0.0 Service closing transmission channel