195.208.184.200
POST:
Array
(
    [event] => ONCRMLEADUPDATE
    [data] => Array
        (
            [FIELDS] => Array
                (
                    [ID] => 30509
                )

        )

    [ts] => 1627281136
    [auth] => Array
        (
            [domain] => wilstream.bitrix24.ru
            [client_endpoint] => https://wilstream.bitrix24.ru/rest/
            [server_endpoint] => https://oauth.bitrix.info/rest/
            [member_id] => cc7c44159e4fc354b6551fa5604aecb0
            [application_token] => sncnba2n0hnw9q9tmrkrbcxfrh6b26fg
        )

)

GET:
Array
(
)

LEAD INFO:
Array
(
    [source_id] => 4
    [status_id] => 9
    [status_dop] => F
    [other_city] => 0
    [cennost] => 0
    [type] => обычное
    [status_commited] => 0
    [prichina_otkaza] => 
    [record] => 
    [name] => МАРГАРИТА
    [phone] => 9032547362
    [phone_norm] => +79032547362
    [comments] => <br>Комментарий: ХОЧУ ПОПРОБОВАТЬ РАБОТАТЬ У ВАС.<br>URL: http://wilstream.ru/outcalls/obzvon-dolzhnikov/
    [stats_id] => wcc1460017
    [stats_descruptor] => 
    [status_name] => отклонено
    [status_otkaza] => Ищет работу
)
