89.208.230.2
POST:
Array
(
    [event] => ONCRMLEADUPDATE
    [data] => Array
        (
            [FIELDS] => Array
                (
                    [ID] => 30503
                )

        )

    [ts] => 1627047627
    [auth] => Array
        (
            [domain] => wilstream.bitrix24.ru
            [client_endpoint] => https://wilstream.bitrix24.ru/rest/
            [server_endpoint] => https://oauth.bitrix.info/rest/
            [member_id] => cc7c44159e4fc354b6551fa5604aecb0
            [application_token] => sncnba2n0hnw9q9tmrkrbcxfrh6b26fg
        )

)

GET:
Array
(
)

LEAD INFO:
Array
(
    [source_id] => 4
    [status_id] => NEW
    [status_dop] => P
    [other_city] => 0
    [cennost] => 0
    [type] => обычное
    [status_commited] => 0
    [prichina_otkaza] => 
    [record] => 
    [name] => Денис
    [phone] => 89262643646
    [phone_norm] => +79262643646
    [comments] => <br>Комментарий: Мы занимаеся прокатом велосипедов и электросамокатов, компания BikeMe работает в Мурманске и в Парке Патриот в  Московской области. Весь транспорт стоит на улице круглосуточно, любой желающий может взять в аренду при помощи мобильного приложения.
Когда у пользователей есть вопросы, они обращаются в отдел заботы о клиентах. Оператор принимает входящие текстовые обращения и звонки, для удобства все эти каналы собраны в одном специальном приложении.
Сервис работает круглосуточно, значит и Поддержка на связи всё это время.

Обязанности:
Консультировать клиентов в чате и по телефону;
Решать проблемы, в том числе иногда совершая исходящие звонки.
Коммуницировать в рабочих чатах и по телефону со смежными отделами компании
Требования:
Вы уважаете людей и стремитесь им помочь;
Владеете грамотной устной и письменной речью;
Дружите с приложениями и программами, не теряетесь при виде сложных интерфейсов;
Умеете слышать пользователей и задавать уточняющие вопросы;
Вы внимательны 
Способны устно и письменно объяснить клиенту причину проблемы и провести по алгоритму её решения<br>URL: www.contact-center.ru/uslugi/kommunikatsiya/
    [stats_id] => 
    [stats_descruptor] => 
    [status_name] => отклонено
    [status_otkaza] => 
)
