195.208.184.200
POST:
Array
(
    [event] => ONCRMLEADUPDATE
    [data] => Array
        (
            [FIELDS] => Array
                (
                    [ID] => 30339
                )

        )

    [ts] => 1626363354
    [auth] => Array
        (
            [domain] => wilstream.bitrix24.ru
            [client_endpoint] => https://wilstream.bitrix24.ru/rest/
            [server_endpoint] => https://oauth.bitrix.info/rest/
            [member_id] => cc7c44159e4fc354b6551fa5604aecb0
            [application_token] => sncnba2n0hnw9q9tmrkrbcxfrh6b26fg
        )

)

GET:
Array
(
)

LEAD INFO:
Array
(
    [source_id] => 5
    [status_id] => 2
    [status_dop] => F
    [other_city] => 0
    [cennost] => 0
    [type] => обычное
    [status_commited] => 1
    [prichina_otkaza] => Клиентка хочет , чтобы оператор работал на аутстафинге и выполнял полный функционал секретаря.
    [record] => http://sc.wilstream.ru/sc/get_okt_record.php?idconnection=B15030C4-FE9C-4A70-B4E8-F77F3A0F959C&datecall=20210715-101725-080&partnum=4
    [name] => Кристина
    [phone] => 84956411601
    [phone_norm] => +74956411601
    [comments] => 
Форма отправлена оператором<br>
Комментарий: компания Альтейр групп, секретарь. 

    [stats_id] => 
    [stats_descruptor] => 
    [status_name] => отклонено
    [status_otkaza] => Нет таких услуг
)

SEND RESULT:
OK 221 2.0.0 Service closing transmission channel