195.208.184.200
POST:
Array
(
    [event] => ONCRMLEADUPDATE
    [data] => Array
        (
            [FIELDS] => Array
                (
                    [ID] => 30449
                )

        )

    [ts] => 1627023955
    [auth] => Array
        (
            [domain] => wilstream.bitrix24.ru
            [client_endpoint] => https://wilstream.bitrix24.ru/rest/
            [server_endpoint] => https://oauth.bitrix.info/rest/
            [member_id] => cc7c44159e4fc354b6551fa5604aecb0
            [application_token] => sncnba2n0hnw9q9tmrkrbcxfrh6b26fg
        )

)

GET:
Array
(
)

LEAD INFO:
Array
(
    [source_id] => 4
    [status_id] => CONVERTED
    [status_dop] => S
    [other_city] => 0
    [cennost] => 0
    [type] => обычное
    [status_commited] => 1
    [prichina_otkaza] => 
    [record] => http://sc.wilstream.ru/sc/get_okt_record.php?idconnection=64B68ED5-E1B9-4302-BAC0-B917A889CC21&datecall=20210721-104216-580&partnum=1
    [name] => Ирина
    [phone] => 89036169229
    [phone_norm] => +79036169229
    [comments] => <br>Комментарий: Аутсорсинг КЦ<br>URL: www.contact-center.ru/cases/
    [stats_id] => 
    [stats_descruptor] => 
    [status_name] => подтверждено
    [status_otkaza] => 
)

SEND RESULT:
OK 221 2.0.0 Service closing transmission channel