89.208.230.2
POST:
Array
(
    [event] => ONCRMLEADUPDATE
    [data] => Array
        (
            [FIELDS] => Array
                (
                    [ID] => 30331
                )

        )

    [ts] => 1626362019
    [auth] => Array
        (
            [domain] => wilstream.bitrix24.ru
            [client_endpoint] => https://wilstream.bitrix24.ru/rest/
            [server_endpoint] => https://oauth.bitrix.info/rest/
            [member_id] => cc7c44159e4fc354b6551fa5604aecb0
            [application_token] => sncnba2n0hnw9q9tmrkrbcxfrh6b26fg
        )

)

GET:
Array
(
)

LEAD INFO:
Array
(
    [source_id] => 5
    [status_id] => 2
    [status_dop] => F
    [other_city] => 0
    [cennost] => 0
    [type] => обычное
    [status_commited] => 1
    [prichina_otkaza] => им нужно проведение опроса, физически находясь в магазинах, а не по телефону
    [record] => http://sc.wilstream.ru/sc/get_okt_record.php?idconnection=A1972E0E-E4CB-4FE4-B343-F280CD95999D&datecall=20210714-144333-000&partnum=1
    [name] => Ольга
    [phone] => 89214239525
    [phone_norm] => +79214239525
    [comments] => 
Форма отправлена оператором<br>
Комментарий: Кера-Мир. привлечение клиентов. продажа 

    [stats_id] => 
    [stats_descruptor] => 
    [status_name] => отклонено
    [status_otkaza] => Нет таких услуг
)

SEND RESULT:
OK 221 2.0.0 Service closing transmission channel