195.208.184.200
POST:
Array
(
    [event] => ONCRMLEADUPDATE
    [data] => Array
        (
            [FIELDS] => Array
                (
                    [ID] => 30463
                )

        )

    [ts] => 1627026960
    [auth] => Array
        (
            [domain] => wilstream.bitrix24.ru
            [client_endpoint] => https://wilstream.bitrix24.ru/rest/
            [server_endpoint] => https://oauth.bitrix.info/rest/
            [member_id] => cc7c44159e4fc354b6551fa5604aecb0
            [application_token] => sncnba2n0hnw9q9tmrkrbcxfrh6b26fg
        )

)

GET:
Array
(
)

LEAD INFO:
Array
(
    [source_id] => 5
    [status_id] => 2
    [status_dop] => F
    [other_city] => 0
    [cennost] => 0
    [type] => обычное
    [status_commited] => 1
    [prichina_otkaza] => требуется сделать 1 звонок тайного покупателя
    [record] => http://sc.wilstream.ru/sc/get_okt_record.php?idconnection=35A2C600-D4FA-4876-9FAD-8509F9E0CA9A&datecall=20210721-164017-263&partnum=5
    [name] => Александра
    [phone] => 89151008411
    [phone_norm] => +79151008411
    [comments] => 
Форма отправлена оператором<br>
Комментарий: ИП Сиактистова Елена Александровна. оценка качества работы по телефон. 

    [stats_id] => 
    [stats_descruptor] => 
    [status_name] => отклонено
    [status_otkaza] => Нет таких услуг
)

SEND RESULT:
OK 221 2.0.0 Service closing transmission channel