89.208.230.2
POST:
Array
(
    [event] => ONCRMLEADUPDATE
    [data] => Array
        (
            [FIELDS] => Array
                (
                    [ID] => 30471
                )

        )

    [ts] => 1627028918
    [auth] => Array
        (
            [domain] => wilstream.bitrix24.ru
            [client_endpoint] => https://wilstream.bitrix24.ru/rest/
            [server_endpoint] => https://oauth.bitrix.info/rest/
            [member_id] => cc7c44159e4fc354b6551fa5604aecb0
            [application_token] => sncnba2n0hnw9q9tmrkrbcxfrh6b26fg
        )

)

GET:
Array
(
)

LEAD INFO:
Array
(
    [source_id] => 4
    [status_id] => 4
    [status_dop] => F
    [other_city] => 0
    [cennost] => 0
    [type] => обычное
    [status_commited] => 1
    [prichina_otkaza] => Запрос из Смоленска
    [record] => http://sc.wilstream.ru/sc/get_okt_record.php?idconnection=56911339-5C6F-4BFD-AB8E-EA1DC8A6D2A3&datecall=20210722-121608-333&partnum=1
    [name] => Павел
    [phone] => 79082894467
    [phone_norm] => +79082894467
    [comments] => <br>URL: http://wilstream.ru/stati/uslugi-koll-tsentra-s-oplatoy-za-rezultat/
    [stats_id] => wcc1458519
    [stats_descruptor] => 
    [status_name] => отклонено
    [status_otkaza] => Иное
)

SEND RESULT:
OK 221 2.0.0 Service closing transmission channel