89.208.230.2
POST:
Array
(
    [event] => ONCRMLEADUPDATE
    [data] => Array
        (
            [FIELDS] => Array
                (
                    [ID] => 30417
                )

        )

    [ts] => 1626793676
    [auth] => Array
        (
            [domain] => wilstream.bitrix24.ru
            [client_endpoint] => https://wilstream.bitrix24.ru/rest/
            [server_endpoint] => https://oauth.bitrix.info/rest/
            [member_id] => cc7c44159e4fc354b6551fa5604aecb0
            [application_token] => sncnba2n0hnw9q9tmrkrbcxfrh6b26fg
        )

)

GET:
Array
(
)

LEAD INFO:
Array
(
    [source_id] => 4
    [status_id] => CONVERTED
    [status_dop] => S
    [other_city] => 0
    [cennost] => 0
    [type] => обычное
    [status_commited] => 1
    [prichina_otkaza] => 
    [record] => http://sc.wilstream.ru/sc/get_okt_record.php?idconnection=5D281D3F-AEBD-4549-B792-50D11B49AF24&datecall=20210720-114312-860&partnum=1
    [name] => Обратный звонок
    [phone] => 79613822284
    [phone_norm] => +79613822284
    [comments] => <br>Комментарий: <br>URL: http://wilstream.ru/<br>Данные с формы: <br>
    Имя: Обратный звонок<br>
    Email: <br>
    Номер: +79613822284<br>
    Название компании: <br>
    Комментарии: <br>Комментарий: <br>URL: http://wilstream.ru/
    [stats_id] => wcc1456373
    [stats_descruptor] => 
    [status_name] => подтверждено
    [status_otkaza] => 
)

SEND RESULT:
OK 221 2.0.0 Service closing transmission channel