195.208.184.200
POST:
Array
(
    [event] => ONCRMLEADUPDATE
    [data] => Array
        (
            [FIELDS] => Array
                (
                    [ID] => 30327
                )

        )

    [ts] => 1626361505
    [auth] => Array
        (
            [domain] => wilstream.bitrix24.ru
            [client_endpoint] => https://wilstream.bitrix24.ru/rest/
            [server_endpoint] => https://oauth.bitrix.info/rest/
            [member_id] => cc7c44159e4fc354b6551fa5604aecb0
            [application_token] => sncnba2n0hnw9q9tmrkrbcxfrh6b26fg
        )

)

GET:
Array
(
)

LEAD INFO:
Array
(
    [source_id] => 4
    [status_id] => CONVERTED
    [status_dop] => S
    [other_city] => 0
    [cennost] => 0
    [type] => обычное
    [status_commited] => 1
    [prichina_otkaza] => 
    [record] => http://sc.wilstream.ru/sc/get_okt_record.php?idconnection=CB1B4F0D-9E3F-432C-B08B-8C01CB54608E&datecall=20210714-132041-040&partnum=2
    [name] => Дмитрий
    [phone] => 89852626229
    [phone_norm] => +79852626229
    [comments] => <br>URL: http://wilstream.ru/info/1351/
    [stats_id] => 
    [stats_descruptor] => 
    [status_name] => подтверждено
    [status_otkaza] => 
)

SEND RESULT:
OK 221 2.0.0 Service closing transmission channel