89.208.230.2
POST:
Array
(
    [event] => ONCRMLEADUPDATE
    [data] => Array
        (
            [FIELDS] => Array
                (
                    [ID] => 30453
                )

        )

    [ts] => 1627024274
    [auth] => Array
        (
            [domain] => wilstream.bitrix24.ru
            [client_endpoint] => https://wilstream.bitrix24.ru/rest/
            [server_endpoint] => https://oauth.bitrix.info/rest/
            [member_id] => cc7c44159e4fc354b6551fa5604aecb0
            [application_token] => sncnba2n0hnw9q9tmrkrbcxfrh6b26fg
        )

)

GET:
Array
(
)

LEAD INFO:
Array
(
    [source_id] => 5
    [status_id] => CONVERTED
    [status_dop] => S
    [other_city] => 0
    [cennost] => 0
    [type] => обычное
    [status_commited] => 1
    [prichina_otkaza] => 
    [record] => http://sc.wilstream.ru/sc/get_okt_record.php?idconnection=EAB88757-D088-42C8-B586-472925CBBABC&datecall=20210721-113619-543&partnum=9
    [name] => Роман
    [phone] => 89296800592
    [phone_norm] => +79296800592
    [comments] => 
Форма отправлена оператором<br>
Комментарий: компания Правокат. Холодные исходящие звонки. 

    [stats_id] => 
    [stats_descruptor] => 
    [status_name] => подтверждено
    [status_otkaza] => 
)

SEND RESULT:
OK 221 2.0.0 Service closing transmission channel