89.208.230.2
POST:
Array
(
    [event] => ONCRMLEADUPDATE
    [data] => Array
        (
            [FIELDS] => Array
                (
                    [ID] => 30483
                )

        )

    [ts] => 1627041741
    [auth] => Array
        (
            [domain] => wilstream.bitrix24.ru
            [client_endpoint] => https://wilstream.bitrix24.ru/rest/
            [server_endpoint] => https://oauth.bitrix.info/rest/
            [member_id] => cc7c44159e4fc354b6551fa5604aecb0
            [application_token] => sncnba2n0hnw9q9tmrkrbcxfrh6b26fg
        )

)

GET:
Array
(
)

LEAD INFO:
Array
(
    [source_id] => 4
    [status_id] => 2
    [status_dop] => F
    [other_city] => 0
    [cennost] => 0
    [type] => обычное
    [status_commited] => 1
    [prichina_otkaza] => Брак, нет таких услуг (интересует внедрение КЦ на предприятии).
    [record] => http://sc-vg.wilstream.ru/sc/get_okt_record.php?idconnection=8784C393-D6EB-4BC1-BAD6-28ABC9C7489E&datecall=20210722-160913-803&partnum=1
    [name] => Евгений
    [phone] => 79780784733
    [phone_norm] => +79780784733
    [comments] => <br>Комментарий: Чем занимается Ваша компания?: ДРУГОЙ ВАРИАНТКакой вид услуг вам понадобится?: ПРИЁМ ВХОДЯЩИХ ЗВОНКОВ,ОБЗВОН ДЕЙСТВУЮЩИХ КЛИЕНТОВКуда или откуда будут звонки?: ДРУГОЙ РЕГИОНКакими акциями воспользуетесь?: <br>URL: http://wilstream.ru/
    [stats_id] => wcc1458845
    [stats_descruptor] => 
    [status_name] => отклонено
    [status_otkaza] => Нет таких услуг
)

SEND RESULT:
OK 221 2.0.0 Service closing transmission channel