195.208.184.200
POST:
Array
(
    [event] => ONCRMLEADUPDATE
    [data] => Array
        (
            [FIELDS] => Array
                (
                    [ID] => 30291
                )

        )

    [ts] => 1626173588
    [auth] => Array
        (
            [domain] => wilstream.bitrix24.ru
            [client_endpoint] => https://wilstream.bitrix24.ru/rest/
            [server_endpoint] => https://oauth.bitrix.info/rest/
            [member_id] => cc7c44159e4fc354b6551fa5604aecb0
            [application_token] => sncnba2n0hnw9q9tmrkrbcxfrh6b26fg
        )

)

GET:
Array
(
)

LEAD INFO:
Array
(
    [source_id] => 4
    [status_id] => 4
    [status_dop] => F
    [other_city] => 1
    [cennost] => 0
    [type] => обычное
    [status_commited] => 1
    [prichina_otkaza] => г. Сочи, хочет оплату за входящие звонки
    [record] => http://sc.wilstream.ru/sc/get_okt_record.php?idconnection=939799B8-F7F6-4CB5-9D53-7406E7FBD371&datecall=20210713-123628-773&partnum=2
    [name] => Владимир
    [phone] => 79194459275
    [phone_norm] => +79194459275
    [comments] => <br>Комментарий: Чем занимается Ваша компания?: ДРУГОЙ ВАРИАНТКакой вид услуг вам понадобится?: ПРИЁМ ВХОДЯЩИХ ЗВОНКОВКуда или откуда будут звонки?: ВСЯ РОССИЯКакими акциями воспользуетесь?: СКИДКА 30% НА ГОРЯЧУЮ ЛИНИЮ<br>URL: http://wilstream.ru/
    [status_name] => отклонено
    [status_otkaza] => Иное
)

SEND RESULT:
OK 221 2.0.0 Service closing transmission channel