195.208.184.200
POST:
Array
(
    [event] => ONCRMLEADUPDATE
    [data] => Array
        (
            [FIELDS] => Array
                (
                    [ID] => 30335
                )

        )

    [ts] => 1626422512
    [auth] => Array
        (
            [domain] => wilstream.bitrix24.ru
            [client_endpoint] => https://wilstream.bitrix24.ru/rest/
            [server_endpoint] => https://oauth.bitrix.info/rest/
            [member_id] => cc7c44159e4fc354b6551fa5604aecb0
            [application_token] => sncnba2n0hnw9q9tmrkrbcxfrh6b26fg
        )

)

GET:
Array
(
)

LEAD INFO:
Array
(
    [source_id] => 4
    [status_id] => CONVERTED
    [status_dop] => S
    [other_city] => 0
    [cennost] => 0
    [type] => обычное
    [status_commited] => 0
    [prichina_otkaza] => 
    [record] => 
    [name] => Александр
    [phone] => 79264667201
    [phone_norm] => +79264667201
    [comments] => <br>URL: http://wilstream.ru/<br>Данные с формы: <br>
    Имя: Александр<br>
    Email: <br>
    Номер: +79264667201<br>
    Название компании: <br>
    Комментарии: <br>Комментарий: Чем занимается Ваша компания?: ДРУГОЙ ВАРИАНТКакой вид услуг вам понадобится?: ОБЗВОН ДЕЙСТВУЮЩИХ КЛИЕНТОВ,ПОИСК КЛИЕНТОВ-ЮРЛИЦ,ПРИЁМ ВХОДЯЩИХ ЗВОНКОВКуда или откуда будут звонки?: ВСЯ РОССИЯКакими акциями воспользуетесь?: <br>URL: http://wilstream.ru/
    [stats_id] => 
    [stats_descruptor] => 
    [status_name] => подтверждено
    [status_otkaza] => 
)
