195.208.184.200
POST:
Array
(
    [event] => ONCRMLEADUPDATE
    [data] => Array
        (
            [FIELDS] => Array
                (
                    [ID] => 30423
                )

        )

    [ts] => 1626795001
    [auth] => Array
        (
            [domain] => wilstream.bitrix24.ru
            [client_endpoint] => https://wilstream.bitrix24.ru/rest/
            [server_endpoint] => https://oauth.bitrix.info/rest/
            [member_id] => cc7c44159e4fc354b6551fa5604aecb0
            [application_token] => sncnba2n0hnw9q9tmrkrbcxfrh6b26fg
        )

)

GET:
Array
(
)

LEAD INFO:
Array
(
    [source_id] => 4
    [status_id] => 4
    [status_dop] => F
    [other_city] => 0
    [cennost] => 0
    [type] => обычное
    [status_commited] => 1
    [prichina_otkaza] => нет юр.лица 
    [record] => http://sc-vg.wilstream.ru/sc/get_okt_record.php?idconnection=B080339D-D9E3-4760-8DF3-E7C677FF0950&datecall=20210720-121750-643&partnum=1
    [name] => Владимир Лядов
    [phone] => 89194459275
    [phone_norm] => +79194459275
    [comments] => <br>URL: http://wilstream.ru/
    [stats_id] => wcc1456436
    [stats_descruptor] => 
    [status_name] => отклонено
    [status_otkaza] => Иное
)

SEND RESULT:
OK 221 2.0.0 Service closing transmission channel