195.208.184.200
POST:
Array
(
    [event] => ONCRMLEADUPDATE
    [data] => Array
        (
            [FIELDS] => Array
                (
                    [ID] => 30451
                )

        )

    [ts] => 1626856641
    [auth] => Array
        (
            [domain] => wilstream.bitrix24.ru
            [client_endpoint] => https://wilstream.bitrix24.ru/rest/
            [server_endpoint] => https://oauth.bitrix.info/rest/
            [member_id] => cc7c44159e4fc354b6551fa5604aecb0
            [application_token] => sncnba2n0hnw9q9tmrkrbcxfrh6b26fg
        )

)

GET:
Array
(
)

LEAD INFO:
Array
(
    [source_id] => 4
    [status_id] => JUNK
    [status_dop] => F
    [other_city] => 1
    [cennost] => 0
    [type] => обычное
    [status_commited] => 0
    [prichina_otkaza] => нет связи
    [record] => 
    [name] => Maksym Stoliarov
    [phone] => 48729557753
    [phone_norm] => 48729557753
    [comments] => <br>URL: http://wilstream.ru/
    [stats_id] => wcc1457420
    [stats_descruptor] => 
    [status_name] => отклонено
    [status_otkaza] => ошибка
)
