89.208.230.2
POST:
Array
(
    [event] => ONCRMLEADUPDATE
    [data] => Array
        (
            [FIELDS] => Array
                (
                    [ID] => 30531
                )

        )

    [ts] => 1627307817
    [auth] => Array
        (
            [domain] => wilstream.bitrix24.ru
            [client_endpoint] => https://wilstream.bitrix24.ru/rest/
            [server_endpoint] => https://oauth.bitrix.info/rest/
            [member_id] => cc7c44159e4fc354b6551fa5604aecb0
            [application_token] => sncnba2n0hnw9q9tmrkrbcxfrh6b26fg
        )

)

GET:
Array
(
)

LEAD INFO:
Array
(
    [source_id] => 5
    [status_id] => 2
    [status_dop] => F
    [other_city] => 0
    [cennost] => 0
    [type] => обычное
    [status_commited] => 1
    [prichina_otkaza] => нужен отдел продаж
    [record] => http://sc.wilstream.ru/sc/get_okt_record.php?idconnection=8A036A38-D655-4933-ACBF-9199893DCE8C&datecall=20210726-140711-623&partnum=2
    [name] => Артур
    [phone] => 89161499909
    [phone_norm] => +79161499909
    [comments] => 
Форма отправлена оператором<br>
Комментарий: компания Джанараша. аутсорс продажа 

    [stats_id] => 
    [stats_descruptor] => 
    [status_name] => отклонено
    [status_otkaza] => Нет таких услуг
)

SEND RESULT:
OK 221 2.0.0 Service closing transmission channel