89.208.230.2
POST:
Array
(
    [event] => ONCRMLEADUPDATE
    [data] => Array
        (
            [FIELDS] => Array
                (
                    [ID] => 30357
                )

        )

    [ts] => 1626357685
    [auth] => Array
        (
            [domain] => wilstream.bitrix24.ru
            [client_endpoint] => https://wilstream.bitrix24.ru/rest/
            [server_endpoint] => https://oauth.bitrix.info/rest/
            [member_id] => cc7c44159e4fc354b6551fa5604aecb0
            [application_token] => sncnba2n0hnw9q9tmrkrbcxfrh6b26fg
        )

)

GET:
Array
(
)

LEAD INFO:
Array
(
    [source_id] => 5
    [status_id] => JUNK
    [status_dop] => F
    [other_city] => 0
    [cennost] => 0
    [type] => обычное
    [status_commited] => 1
    [prichina_otkaza] => услуги КЦ не интересуют
    [record] => http://sc-vg.wilstream.ru/sc/get_okt_record.php?idconnection=ED5F3D3B-A06B-4A7E-86C9-4F240DC7118F&datecall=20210715-165301-953&partnum=1
    [name] => Евгений
    [phone] => 84956860245
    [phone_norm] => +74956860245
    [comments] => 
Форма отправлена оператором<br>
Комментарий: активные продажи. компанию не назвал. 

    [stats_id] => 
    [stats_descruptor] => 
    [status_name] => отклонено
    [status_otkaza] => ошибка
)

SEND RESULT:
OK 221 2.0.0 Service closing transmission channel