89.208.230.2
POST:
Array
(
    [event] => ONCRMLEADUPDATE
    [data] => Array
        (
            [FIELDS] => Array
                (
                    [ID] => 30411
                )

        )

    [ts] => 1626791396
    [auth] => Array
        (
            [domain] => wilstream.bitrix24.ru
            [client_endpoint] => https://wilstream.bitrix24.ru/rest/
            [server_endpoint] => https://oauth.bitrix.info/rest/
            [member_id] => cc7c44159e4fc354b6551fa5604aecb0
            [application_token] => sncnba2n0hnw9q9tmrkrbcxfrh6b26fg
        )

)

GET:
Array
(
)

LEAD INFO:
Array
(
    [source_id] => 4
    [status_id] => JUNK
    [status_dop] => F
    [other_city] => 0
    [cennost] => 0
    [type] => обычное
    [status_commited] => 1
    [prichina_otkaza] => обращается в ростелеком
    [record] => 
    [name] => Алина
    [phone] => 79219391128
    [phone_norm] => +79219391128
    [comments] => <br>Комментарий: л/с 278011285237.  8.07.2021  была оформлена заявка № 2017425276 на подключение телевизора к узлу подключения Ростелекома (на нем 3 других телевизора).До настоящего времени никто даже не позвонил когда можно ждать мастера. Я могу получить хотя бы какой-то ответ по этой заявке?  Неужели это такая большая проблема ? <br>URL: http://wilstream.ru/incalls/goryachyaya-liniya/
    [stats_id] => wcc1455982
    [stats_descruptor] => 
    [status_name] => отклонено
    [status_otkaza] => ошибка
)

SEND RESULT:
OK 221 2.0.0 Service closing transmission channel