195.208.184.200
POST:
Array
(
    [event] => ONCRMLEADUPDATE
    [data] => Array
        (
            [FIELDS] => Array
                (
                    [ID] => 30387
                )

        )

    [ts] => 1626671388
    [auth] => Array
        (
            [domain] => wilstream.bitrix24.ru
            [client_endpoint] => https://wilstream.bitrix24.ru/rest/
            [server_endpoint] => https://oauth.bitrix.info/rest/
            [member_id] => cc7c44159e4fc354b6551fa5604aecb0
            [application_token] => sncnba2n0hnw9q9tmrkrbcxfrh6b26fg
        )

)

GET:
Array
(
)

LEAD INFO:
Array
(
    [source_id] => 4
    [status_id] => 5
    [status_dop] => P
    [other_city] => 1
    [cennost] => 0
    [type] => обычное
    [status_commited] => 0
    [prichina_otkaza] => 
    [record] => 
    [name] => Евгения Михайлова
    [phone] => 998974034300
    [phone_norm] => +998974034300
    [comments] => <br>Комментарий: <br>URL: http://wilstream.ru/<br>Данные с формы: <br>
    Имя: Евгения Михайлова<br>
    Email: <br>
    Номер: +998974034300<br>
    Название компании: <br>
    Комментарии: <br>URL: http://wilstream.ru/
    [stats_id] => wcc1453860
    [stats_descruptor] => 
    [status_name] => отклонено
    [status_otkaza] => 
)
