195.208.184.200
POST:
Array
(
    [event] => ONCRMLEADUPDATE
    [data] => Array
        (
            [FIELDS] => Array
                (
                    [ID] => 30399
                )

        )

    [ts] => 1626704244
    [auth] => Array
        (
            [domain] => wilstream.bitrix24.ru
            [client_endpoint] => https://wilstream.bitrix24.ru/rest/
            [server_endpoint] => https://oauth.bitrix.info/rest/
            [member_id] => cc7c44159e4fc354b6551fa5604aecb0
            [application_token] => sncnba2n0hnw9q9tmrkrbcxfrh6b26fg
        )

)

GET:
Array
(
)

LEAD INFO:
Array
(
    [source_id] => 4
    [status_id] => JUNK
    [status_dop] => F
    [other_city] => 0
    [cennost] => 0
    [type] => обычное
    [status_commited] => 1
    [prichina_otkaza] => Бросил трубку после приветствия.  При повторной попытке дозвониться, скидывает.
    [record] => http://sc.wilstream.ru/sc/get_okt_record.php?idconnection=A7307A9B-1C06-476F-9367-3F7DDFA89093&datecall=20210718-174216-923&partnum=1
    [name] => Георгий
    [phone] => 89269841003
    [phone_norm] => +79269841003
    [comments] => <br>URL: http://wilstream.ru/incalls/telefonnoe-konsultirovanie/
    [stats_id] => wcc1454766
    [stats_descruptor] => 
    [status_name] => отклонено
    [status_otkaza] => ошибка
)

SEND RESULT:
OK 221 2.0.0 Service closing transmission channel